Zeitpunkt: 2023-09-08 16:00:36,198
Loggername: root
LogLevel: ERROR
Benutzerdefiniert: Ein Problem ist innerhalb der Hauptanwendung aufgetreten. Bitte die Protokolldatei für weitere Informationen überprüfen. 
Traceback: Traceback (most recent call last):
  File "/Users/christopherchandler/repo/Python/computerlinguistik/de_np_kongru/main.py", line 83, in <module>
    main_typer_app()
  File "/Library/Frameworks/Python.framework/Versions/3.10/lib/python3.10/site-packages/typer/main.py", line 214, in __call__
    return get_command(self)(*args, **kwargs)
  File "/Library/Frameworks/Python.framework/Versions/3.10/lib/python3.10/site-packages/typer/main.py", line 232, in get_command
    click_command = get_group(typer_instance)
  File "/Library/Frameworks/Python.framework/Versions/3.10/lib/python3.10/site-packages/typer/main.py", line 218, in get_group
    group = get_group_from_info(TyperInfo(typer_instance))
  File "/Library/Frameworks/Python.framework/Versions/3.10/lib/python3.10/site-packages/typer/main.py", line 360, in get_group_from_info
    sub_group = get_group_from_info(sub_group_info)
  File "/Library/Frameworks/Python.framework/Versions/3.10/lib/python3.10/site-packages/typer/main.py", line 355, in get_group_from_info
    for command_info in group_info.typer_instance.registered_commands:
AttributeError: module 'kongru.api_general.statistics.app_typer_statistics' has no attribute 'registered_commands'

Nachricht: module 'kongru.api_general.statistics.app_typer_statistics' has no attribute 'registered_commands'
Modul: basic_logger
Funktion: catch_and_log_error
Linie: 100
Dateipfad: /Users/christopherchandler/repo/Python/computerlinguistik/de_np_kongru/kongru/api_general/universal/funcs/basic_logger.py

Zeitpunkt: 2023-09-08 20:48:19,910
Loggername: root
LogLevel: ERROR
Benutzerdefiniert: Die Datei None konnte nicht eingelesen werden.
Traceback: Traceback (most recent call last):
  File "/Users/christopherchandler/repo/Python/computerlinguistik/de_np_kongru/kongru/api_general/database_managers/managers/merlin_manager.py", line 246, in open_merlin_file
    with open (raw_data, mode="r", encoding="utf-8-sig") as outgoing_file:
TypeError: expected str, bytes or os.PathLike object, not NoneType

Nachricht: expected str, bytes or os.PathLike object, not NoneType
Modul: basic_logger
Funktion: catch_and_log_error
Linie: 100
Dateipfad: /Users/christopherchandler/repo/Python/computerlinguistik/de_np_kongru/kongru/api_general/universal/funcs/basic_logger.py

Zeitpunkt: 2023-09-08 20:48:19,910
Loggername: root
LogLevel: ERROR
Benutzerdefiniert: Die Datei None konnte nicht eingelesen werden.
Traceback: Traceback (most recent call last):
  File "/Users/christopherchandler/repo/Python/computerlinguistik/de_np_kongru/kongru/api_general/database_managers/managers/merlin_manager.py", line 246, in open_merlin_file
    with open (raw_data, mode="r", encoding="utf-8-sig") as outgoing_file:
TypeError: expected str, bytes or os.PathLike object, not NoneType

Nachricht: expected str, bytes or os.PathLike object, not NoneType
Modul: basic_logger
Funktion: catch_and_log_error
Linie: 100
Dateipfad: /Users/christopherchandler/repo/Python/computerlinguistik/de_np_kongru/kongru/api_general/universal/funcs/basic_logger.py

Zeitpunkt: 2023-09-08 20:48:19,910
Loggername: root
LogLevel: ERROR
Benutzerdefiniert: Die Datei None konnte nicht eingelesen werden.
Traceback: Traceback (most recent call last):
  File "/Users/christopherchandler/repo/Python/computerlinguistik/de_np_kongru/kongru/api_general/database_managers/managers/merlin_manager.py", line 246, in open_merlin_file
    with open (raw_data, mode="r", encoding="utf-8-sig") as outgoing_file:
TypeError: expected str, bytes or os.PathLike object, not NoneType

Nachricht: expected str, bytes or os.PathLike object, not NoneType
Modul: basic_logger
Funktion: catch_and_log_error
Linie: 100
Dateipfad: /Users/christopherchandler/repo/Python/computerlinguistik/de_np_kongru/kongru/api_general/universal/funcs/basic_logger.py

Zeitpunkt: 2023-09-08 20:48:35,050
Loggername: root
LogLevel: ERROR
Benutzerdefiniert: Die Datei None konnte nicht eingelesen werden.
Traceback: Traceback (most recent call last):
  File "/Users/christopherchandler/repo/Python/computerlinguistik/de_np_kongru/kongru/api_general/database_managers/managers/merlin_manager.py", line 247, in open_merlin_file
    with open (raw_data, mode="r", encoding="utf-8-sig") as outgoing_file:
TypeError: expected str, bytes or os.PathLike object, not NoneType

Nachricht: expected str, bytes or os.PathLike object, not NoneType
Modul: basic_logger
Funktion: catch_and_log_error
Linie: 100
Dateipfad: /Users/christopherchandler/repo/Python/computerlinguistik/de_np_kongru/kongru/api_general/universal/funcs/basic_logger.py

Zeitpunkt: 2023-09-08 20:48:35,050
Loggername: root
LogLevel: ERROR
Benutzerdefiniert: Die Datei None konnte nicht eingelesen werden.
Traceback: Traceback (most recent call last):
  File "/Users/christopherchandler/repo/Python/computerlinguistik/de_np_kongru/kongru/api_general/database_managers/managers/merlin_manager.py", line 247, in open_merlin_file
    with open (raw_data, mode="r", encoding="utf-8-sig") as outgoing_file:
TypeError: expected str, bytes or os.PathLike object, not NoneType

Nachricht: expected str, bytes or os.PathLike object, not NoneType
Modul: basic_logger
Funktion: catch_and_log_error
Linie: 100
Dateipfad: /Users/christopherchandler/repo/Python/computerlinguistik/de_np_kongru/kongru/api_general/universal/funcs/basic_logger.py

Zeitpunkt: 2023-09-08 20:48:35,050
Loggername: root
LogLevel: ERROR
Benutzerdefiniert: Die Datei None konnte nicht eingelesen werden.
Traceback: Traceback (most recent call last):
  File "/Users/christopherchandler/repo/Python/computerlinguistik/de_np_kongru/kongru/api_general/database_managers/managers/merlin_manager.py", line 247, in open_merlin_file
    with open (raw_data, mode="r", encoding="utf-8-sig") as outgoing_file:
TypeError: expected str, bytes or os.PathLike object, not NoneType

Nachricht: expected str, bytes or os.PathLike object, not NoneType
Modul: basic_logger
Funktion: catch_and_log_error
Linie: 100
Dateipfad: /Users/christopherchandler/repo/Python/computerlinguistik/de_np_kongru/kongru/api_general/universal/funcs/basic_logger.py

Zeitpunkt: 2023-09-08 20:53:28,822
Loggername: root
LogLevel: ERROR
Benutzerdefiniert: Die Datei None konnte nicht eingelesen werden.
Traceback: Traceback (most recent call last):
  File "/Users/christopherchandler/repo/Python/computerlinguistik/de_np_kongru/kongru/api_general/database_managers/managers/merlin_manager.py", line 246, in open_merlin_file
    print(os.path.exists(raw_data))
  File "/Library/Frameworks/Python.framework/Versions/3.10/lib/python3.10/genericpath.py", line 19, in exists
    os.stat(path)
TypeError: stat: path should be string, bytes, os.PathLike or integer, not NoneType

Nachricht: stat: path should be string, bytes, os.PathLike or integer, not NoneType
Modul: basic_logger
Funktion: catch_and_log_error
Linie: 100
Dateipfad: /Users/christopherchandler/repo/Python/computerlinguistik/de_np_kongru/kongru/api_general/universal/funcs/basic_logger.py

Zeitpunkt: 2023-09-08 20:53:28,822
Loggername: root
LogLevel: ERROR
Benutzerdefiniert: Die Datei None konnte nicht eingelesen werden.
Traceback: Traceback (most recent call last):
  File "/Users/christopherchandler/repo/Python/computerlinguistik/de_np_kongru/kongru/api_general/database_managers/managers/merlin_manager.py", line 246, in open_merlin_file
    print(os.path.exists(raw_data))
  File "/Library/Frameworks/Python.framework/Versions/3.10/lib/python3.10/genericpath.py", line 19, in exists
    os.stat(path)
TypeError: stat: path should be string, bytes, os.PathLike or integer, not NoneType

Nachricht: stat: path should be string, bytes, os.PathLike or integer, not NoneType
Modul: basic_logger
Funktion: catch_and_log_error
Linie: 100
Dateipfad: /Users/christopherchandler/repo/Python/computerlinguistik/de_np_kongru/kongru/api_general/universal/funcs/basic_logger.py

Zeitpunkt: 2023-09-08 20:53:28,823
Loggername: root
LogLevel: ERROR
Benutzerdefiniert: Die Datei None konnte nicht eingelesen werden.
Traceback: Traceback (most recent call last):
  File "/Users/christopherchandler/repo/Python/computerlinguistik/de_np_kongru/kongru/api_general/database_managers/managers/merlin_manager.py", line 246, in open_merlin_file
    print(os.path.exists(raw_data))
  File "/Library/Frameworks/Python.framework/Versions/3.10/lib/python3.10/genericpath.py", line 19, in exists
    os.stat(path)
TypeError: stat: path should be string, bytes, os.PathLike or integer, not NoneType

Nachricht: stat: path should be string, bytes, os.PathLike or integer, not NoneType
Modul: basic_logger
Funktion: catch_and_log_error
Linie: 100
Dateipfad: /Users/christopherchandler/repo/Python/computerlinguistik/de_np_kongru/kongru/api_general/universal/funcs/basic_logger.py

Zeitpunkt: 2023-09-08 20:53:51,319
Loggername: root
LogLevel: ERROR
Benutzerdefiniert: Die Datei None konnte nicht eingelesen werden.
Traceback: Traceback (most recent call last):
  File "/Users/christopherchandler/repo/Python/computerlinguistik/de_np_kongru/kongru/api_general/database_managers/managers/merlin_manager.py", line 246, in open_merlin_file
    print(os.path.exists(raw_data))
  File "/Library/Frameworks/Python.framework/Versions/3.10/lib/python3.10/genericpath.py", line 19, in exists
    os.stat(path)
TypeError: stat: path should be string, bytes, os.PathLike or integer, not NoneType

Nachricht: stat: path should be string, bytes, os.PathLike or integer, not NoneType
Modul: basic_logger
Funktion: catch_and_log_error
Linie: 100
Dateipfad: /Users/christopherchandler/repo/Python/computerlinguistik/de_np_kongru/kongru/api_general/universal/funcs/basic_logger.py

Zeitpunkt: 2023-09-08 20:53:51,319
Loggername: root
LogLevel: ERROR
Benutzerdefiniert: Die Datei None konnte nicht eingelesen werden.
Traceback: Traceback (most recent call last):
  File "/Users/christopherchandler/repo/Python/computerlinguistik/de_np_kongru/kongru/api_general/database_managers/managers/merlin_manager.py", line 246, in open_merlin_file
    print(os.path.exists(raw_data))
  File "/Library/Frameworks/Python.framework/Versions/3.10/lib/python3.10/genericpath.py", line 19, in exists
    os.stat(path)
TypeError: stat: path should be string, bytes, os.PathLike or integer, not NoneType

Nachricht: stat: path should be string, bytes, os.PathLike or integer, not NoneType
Modul: basic_logger
Funktion: catch_and_log_error
Linie: 100
Dateipfad: /Users/christopherchandler/repo/Python/computerlinguistik/de_np_kongru/kongru/api_general/universal/funcs/basic_logger.py

Zeitpunkt: 2023-09-08 20:53:51,319
Loggername: root
LogLevel: ERROR
Benutzerdefiniert: Die Datei None konnte nicht eingelesen werden.
Traceback: Traceback (most recent call last):
  File "/Users/christopherchandler/repo/Python/computerlinguistik/de_np_kongru/kongru/api_general/database_managers/managers/merlin_manager.py", line 246, in open_merlin_file
    print(os.path.exists(raw_data))
  File "/Library/Frameworks/Python.framework/Versions/3.10/lib/python3.10/genericpath.py", line 19, in exists
    os.stat(path)
TypeError: stat: path should be string, bytes, os.PathLike or integer, not NoneType

Nachricht: stat: path should be string, bytes, os.PathLike or integer, not NoneType
Modul: basic_logger
Funktion: catch_and_log_error
Linie: 100
Dateipfad: /Users/christopherchandler/repo/Python/computerlinguistik/de_np_kongru/kongru/api_general/universal/funcs/basic_logger.py

Zeitpunkt: 2023-09-08 20:54:01,104
Loggername: root
LogLevel: ERROR
Benutzerdefiniert: Die Datei None konnte nicht eingelesen werden.
Traceback: Traceback (most recent call last):
  File "/Users/christopherchandler/repo/Python/computerlinguistik/de_np_kongru/kongru/api_general/database_managers/managers/merlin_manager.py", line 246, in open_merlin_file
    print(os.path.exists(raw_data))
  File "/Library/Frameworks/Python.framework/Versions/3.10/lib/python3.10/genericpath.py", line 19, in exists
    os.stat(path)
TypeError: stat: path should be string, bytes, os.PathLike or integer, not NoneType

Nachricht: stat: path should be string, bytes, os.PathLike or integer, not NoneType
Modul: basic_logger
Funktion: catch_and_log_error
Linie: 100
Dateipfad: /Users/christopherchandler/repo/Python/computerlinguistik/de_np_kongru/kongru/api_general/universal/funcs/basic_logger.py

Zeitpunkt: 2023-09-08 20:54:01,105
Loggername: root
LogLevel: ERROR
Benutzerdefiniert: Die Datei None konnte nicht eingelesen werden.
Traceback: Traceback (most recent call last):
  File "/Users/christopherchandler/repo/Python/computerlinguistik/de_np_kongru/kongru/api_general/database_managers/managers/merlin_manager.py", line 246, in open_merlin_file
    print(os.path.exists(raw_data))
  File "/Library/Frameworks/Python.framework/Versions/3.10/lib/python3.10/genericpath.py", line 19, in exists
    os.stat(path)
TypeError: stat: path should be string, bytes, os.PathLike or integer, not NoneType

Nachricht: stat: path should be string, bytes, os.PathLike or integer, not NoneType
Modul: basic_logger
Funktion: catch_and_log_error
Linie: 100
Dateipfad: /Users/christopherchandler/repo/Python/computerlinguistik/de_np_kongru/kongru/api_general/universal/funcs/basic_logger.py

Zeitpunkt: 2023-09-08 20:54:01,105
Loggername: root
LogLevel: ERROR
Benutzerdefiniert: Die Datei None konnte nicht eingelesen werden.
Traceback: Traceback (most recent call last):
  File "/Users/christopherchandler/repo/Python/computerlinguistik/de_np_kongru/kongru/api_general/database_managers/managers/merlin_manager.py", line 246, in open_merlin_file
    print(os.path.exists(raw_data))
  File "/Library/Frameworks/Python.framework/Versions/3.10/lib/python3.10/genericpath.py", line 19, in exists
    os.stat(path)
TypeError: stat: path should be string, bytes, os.PathLike or integer, not NoneType

Nachricht: stat: path should be string, bytes, os.PathLike or integer, not NoneType
Modul: basic_logger
Funktion: catch_and_log_error
Linie: 100
Dateipfad: /Users/christopherchandler/repo/Python/computerlinguistik/de_np_kongru/kongru/api_general/universal/funcs/basic_logger.py

Zeitpunkt: 2023-09-08 20:57:41,700
Loggername: root
LogLevel: ERROR
Benutzerdefiniert: Die Datei None konnte nicht eingelesen werden.
Traceback: Traceback (most recent call last):
  File "/Users/christopherchandler/repo/Python/computerlinguistik/de_np_kongru/kongru/api_general/database_managers/managers/merlin_manager.py", line 246, in open_merlin_file
    print(os.path.exists(raw_data))
  File "/Library/Frameworks/Python.framework/Versions/3.10/lib/python3.10/genericpath.py", line 19, in exists
    os.stat(path)
TypeError: stat: path should be string, bytes, os.PathLike or integer, not NoneType

Nachricht: stat: path should be string, bytes, os.PathLike or integer, not NoneType
Modul: basic_logger
Funktion: catch_and_log_error
Linie: 100
Dateipfad: /Users/christopherchandler/repo/Python/computerlinguistik/de_np_kongru/kongru/api_general/universal/funcs/basic_logger.py

Zeitpunkt: 2023-09-08 20:57:41,700
Loggername: root
LogLevel: ERROR
Benutzerdefiniert: Die Datei None konnte nicht eingelesen werden.
Traceback: Traceback (most recent call last):
  File "/Users/christopherchandler/repo/Python/computerlinguistik/de_np_kongru/kongru/api_general/database_managers/managers/merlin_manager.py", line 246, in open_merlin_file
    print(os.path.exists(raw_data))
  File "/Library/Frameworks/Python.framework/Versions/3.10/lib/python3.10/genericpath.py", line 19, in exists
    os.stat(path)
TypeError: stat: path should be string, bytes, os.PathLike or integer, not NoneType

Nachricht: stat: path should be string, bytes, os.PathLike or integer, not NoneType
Modul: basic_logger
Funktion: catch_and_log_error
Linie: 100
Dateipfad: /Users/christopherchandler/repo/Python/computerlinguistik/de_np_kongru/kongru/api_general/universal/funcs/basic_logger.py

Zeitpunkt: 2023-09-08 20:57:41,700
Loggername: root
LogLevel: ERROR
Benutzerdefiniert: Die Datei None konnte nicht eingelesen werden.
Traceback: Traceback (most recent call last):
  File "/Users/christopherchandler/repo/Python/computerlinguistik/de_np_kongru/kongru/api_general/database_managers/managers/merlin_manager.py", line 246, in open_merlin_file
    print(os.path.exists(raw_data))
  File "/Library/Frameworks/Python.framework/Versions/3.10/lib/python3.10/genericpath.py", line 19, in exists
    os.stat(path)
TypeError: stat: path should be string, bytes, os.PathLike or integer, not NoneType

Nachricht: stat: path should be string, bytes, os.PathLike or integer, not NoneType
Modul: basic_logger
Funktion: catch_and_log_error
Linie: 100
Dateipfad: /Users/christopherchandler/repo/Python/computerlinguistik/de_np_kongru/kongru/api_general/universal/funcs/basic_logger.py

Zeitpunkt: 2023-09-08 21:03:00,442
Loggername: root
LogLevel: ERROR
Benutzerdefiniert: Die Datei None konnte nicht eingelesen werden.
Traceback: Traceback (most recent call last):
  File "/Users/christopherchandler/repo/Python/computerlinguistik/de_np_kongru/kongru/api_general/database_managers/managers/merlin_manager.py", line 246, in open_merlin_file
    print(os.path.exists(raw_data))
  File "/Library/Frameworks/Python.framework/Versions/3.10/lib/python3.10/genericpath.py", line 19, in exists
    os.stat(path)
TypeError: stat: path should be string, bytes, os.PathLike or integer, not NoneType

Nachricht: stat: path should be string, bytes, os.PathLike or integer, not NoneType
Modul: basic_logger
Funktion: catch_and_log_error
Linie: 100
Dateipfad: /Users/christopherchandler/repo/Python/computerlinguistik/de_np_kongru/kongru/api_general/universal/funcs/basic_logger.py

Zeitpunkt: 2023-09-08 21:03:00,442
Loggername: root
LogLevel: ERROR
Benutzerdefiniert: Die Datei None konnte nicht eingelesen werden.
Traceback: Traceback (most recent call last):
  File "/Users/christopherchandler/repo/Python/computerlinguistik/de_np_kongru/kongru/api_general/database_managers/managers/merlin_manager.py", line 246, in open_merlin_file
    print(os.path.exists(raw_data))
  File "/Library/Frameworks/Python.framework/Versions/3.10/lib/python3.10/genericpath.py", line 19, in exists
    os.stat(path)
TypeError: stat: path should be string, bytes, os.PathLike or integer, not NoneType

Nachricht: stat: path should be string, bytes, os.PathLike or integer, not NoneType
Modul: basic_logger
Funktion: catch_and_log_error
Linie: 100
Dateipfad: /Users/christopherchandler/repo/Python/computerlinguistik/de_np_kongru/kongru/api_general/universal/funcs/basic_logger.py

Zeitpunkt: 2023-09-08 21:03:00,442
Loggername: root
LogLevel: ERROR
Benutzerdefiniert: Die Datei None konnte nicht eingelesen werden.
Traceback: Traceback (most recent call last):
  File "/Users/christopherchandler/repo/Python/computerlinguistik/de_np_kongru/kongru/api_general/database_managers/managers/merlin_manager.py", line 246, in open_merlin_file
    print(os.path.exists(raw_data))
  File "/Library/Frameworks/Python.framework/Versions/3.10/lib/python3.10/genericpath.py", line 19, in exists
    os.stat(path)
TypeError: stat: path should be string, bytes, os.PathLike or integer, not NoneType

Nachricht: stat: path should be string, bytes, os.PathLike or integer, not NoneType
Modul: basic_logger
Funktion: catch_and_log_error
Linie: 100
Dateipfad: /Users/christopherchandler/repo/Python/computerlinguistik/de_np_kongru/kongru/api_general/universal/funcs/basic_logger.py

Zeitpunkt: 2023-09-08 21:03:20,680
Loggername: root
LogLevel: ERROR
Benutzerdefiniert: Die Datei None konnte nicht eingelesen werden.
Traceback: Traceback (most recent call last):
  File "/Users/christopherchandler/repo/Python/computerlinguistik/de_np_kongru/kongru/api_general/database_managers/managers/merlin_manager.py", line 248, in open_merlin_file
    with open (raw_data, mode="r", encoding="utf-8-sig") as outgoing_file:
TypeError: expected str, bytes or os.PathLike object, not NoneType

Nachricht: expected str, bytes or os.PathLike object, not NoneType
Modul: basic_logger
Funktion: catch_and_log_error
Linie: 100
Dateipfad: /Users/christopherchandler/repo/Python/computerlinguistik/de_np_kongru/kongru/api_general/universal/funcs/basic_logger.py

Zeitpunkt: 2023-09-08 21:03:20,680
Loggername: root
LogLevel: ERROR
Benutzerdefiniert: Die Datei None konnte nicht eingelesen werden.
Traceback: Traceback (most recent call last):
  File "/Users/christopherchandler/repo/Python/computerlinguistik/de_np_kongru/kongru/api_general/database_managers/managers/merlin_manager.py", line 248, in open_merlin_file
    with open (raw_data, mode="r", encoding="utf-8-sig") as outgoing_file:
TypeError: expected str, bytes or os.PathLike object, not NoneType

Nachricht: expected str, bytes or os.PathLike object, not NoneType
Modul: basic_logger
Funktion: catch_and_log_error
Linie: 100
Dateipfad: /Users/christopherchandler/repo/Python/computerlinguistik/de_np_kongru/kongru/api_general/universal/funcs/basic_logger.py

Zeitpunkt: 2023-09-08 21:03:20,680
Loggername: root
LogLevel: ERROR
Benutzerdefiniert: Die Datei None konnte nicht eingelesen werden.
Traceback: Traceback (most recent call last):
  File "/Users/christopherchandler/repo/Python/computerlinguistik/de_np_kongru/kongru/api_general/database_managers/managers/merlin_manager.py", line 248, in open_merlin_file
    with open (raw_data, mode="r", encoding="utf-8-sig") as outgoing_file:
TypeError: expected str, bytes or os.PathLike object, not NoneType

Nachricht: expected str, bytes or os.PathLike object, not NoneType
Modul: basic_logger
Funktion: catch_and_log_error
Linie: 100
Dateipfad: /Users/christopherchandler/repo/Python/computerlinguistik/de_np_kongru/kongru/api_general/universal/funcs/basic_logger.py

Zeitpunkt: 2023-09-08 21:03:32,031
Loggername: root
LogLevel: ERROR
Benutzerdefiniert: Die Datei None konnte nicht eingelesen werden.
Traceback: Traceback (most recent call last):
  File "/Users/christopherchandler/repo/Python/computerlinguistik/de_np_kongru/kongru/api_general/database_managers/managers/merlin_manager.py", line 248, in open_merlin_file
    with open (raw_data, mode="r", encoding="utf-8-sig") as outgoing_file:
TypeError: expected str, bytes or os.PathLike object, not NoneType

Nachricht: expected str, bytes or os.PathLike object, not NoneType
Modul: basic_logger
Funktion: catch_and_log_error
Linie: 100
Dateipfad: /Users/christopherchandler/repo/Python/computerlinguistik/de_np_kongru/kongru/api_general/universal/funcs/basic_logger.py

Zeitpunkt: 2023-09-08 21:03:32,031
Loggername: root
LogLevel: ERROR
Benutzerdefiniert: Die Datei None konnte nicht eingelesen werden.
Traceback: Traceback (most recent call last):
  File "/Users/christopherchandler/repo/Python/computerlinguistik/de_np_kongru/kongru/api_general/database_managers/managers/merlin_manager.py", line 248, in open_merlin_file
    with open (raw_data, mode="r", encoding="utf-8-sig") as outgoing_file:
TypeError: expected str, bytes or os.PathLike object, not NoneType

Nachricht: expected str, bytes or os.PathLike object, not NoneType
Modul: basic_logger
Funktion: catch_and_log_error
Linie: 100
Dateipfad: /Users/christopherchandler/repo/Python/computerlinguistik/de_np_kongru/kongru/api_general/universal/funcs/basic_logger.py

Zeitpunkt: 2023-09-08 21:03:32,031
Loggername: root
LogLevel: ERROR
Benutzerdefiniert: Die Datei None konnte nicht eingelesen werden.
Traceback: Traceback (most recent call last):
  File "/Users/christopherchandler/repo/Python/computerlinguistik/de_np_kongru/kongru/api_general/database_managers/managers/merlin_manager.py", line 248, in open_merlin_file
    with open (raw_data, mode="r", encoding="utf-8-sig") as outgoing_file:
TypeError: expected str, bytes or os.PathLike object, not NoneType

Nachricht: expected str, bytes or os.PathLike object, not NoneType
Modul: basic_logger
Funktion: catch_and_log_error
Linie: 100
Dateipfad: /Users/christopherchandler/repo/Python/computerlinguistik/de_np_kongru/kongru/api_general/universal/funcs/basic_logger.py

Zeitpunkt: 2023-09-08 21:12:19,780
Loggername: root
LogLevel: ERROR
Benutzerdefiniert: Die Datei None konnte nicht eingelesen werden.
Traceback: Traceback (most recent call last):
  File "/Users/christopherchandler/repo/Python/computerlinguistik/de_np_kongru/kongru/api_general/database_managers/managers/merlin_manager.py", line 248, in open_merlin_file
    with open (file_raw_data, mode="r", encoding="utf-8-sig") as outgoing_file:
TypeError: expected str, bytes or os.PathLike object, not NoneType

Nachricht: expected str, bytes or os.PathLike object, not NoneType
Modul: basic_logger
Funktion: catch_and_log_error
Linie: 100
Dateipfad: /Users/christopherchandler/repo/Python/computerlinguistik/de_np_kongru/kongru/api_general/universal/funcs/basic_logger.py

Zeitpunkt: 2023-09-08 21:12:19,780
Loggername: root
LogLevel: ERROR
Benutzerdefiniert: Die Datei None konnte nicht eingelesen werden.
Traceback: Traceback (most recent call last):
  File "/Users/christopherchandler/repo/Python/computerlinguistik/de_np_kongru/kongru/api_general/database_managers/managers/merlin_manager.py", line 248, in open_merlin_file
    with open (file_raw_data, mode="r", encoding="utf-8-sig") as outgoing_file:
TypeError: expected str, bytes or os.PathLike object, not NoneType

Nachricht: expected str, bytes or os.PathLike object, not NoneType
Modul: basic_logger
Funktion: catch_and_log_error
Linie: 100
Dateipfad: /Users/christopherchandler/repo/Python/computerlinguistik/de_np_kongru/kongru/api_general/universal/funcs/basic_logger.py

Zeitpunkt: 2023-09-08 21:12:19,780
Loggername: root
LogLevel: ERROR
Benutzerdefiniert: Die Datei None konnte nicht eingelesen werden.
Traceback: Traceback (most recent call last):
  File "/Users/christopherchandler/repo/Python/computerlinguistik/de_np_kongru/kongru/api_general/database_managers/managers/merlin_manager.py", line 248, in open_merlin_file
    with open (file_raw_data, mode="r", encoding="utf-8-sig") as outgoing_file:
TypeError: expected str, bytes or os.PathLike object, not NoneType

Nachricht: expected str, bytes or os.PathLike object, not NoneType
Modul: basic_logger
Funktion: catch_and_log_error
Linie: 100
Dateipfad: /Users/christopherchandler/repo/Python/computerlinguistik/de_np_kongru/kongru/api_general/universal/funcs/basic_logger.py

Zeitpunkt: 2023-09-08 21:12:35,809
Loggername: root
LogLevel: ERROR
Benutzerdefiniert: Die Datei None konnte nicht eingelesen werden.
Traceback: Traceback (most recent call last):
  File "/Users/christopherchandler/repo/Python/computerlinguistik/de_np_kongru/kongru/api_general/database_managers/managers/merlin_manager.py", line 248, in open_merlin_file
    with open (file_raw_data, mode="r", encoding="utf-8-sig") as outgoing_file:
TypeError: expected str, bytes or os.PathLike object, not NoneType

Nachricht: expected str, bytes or os.PathLike object, not NoneType
Modul: basic_logger
Funktion: catch_and_log_error
Linie: 100
Dateipfad: /Users/christopherchandler/repo/Python/computerlinguistik/de_np_kongru/kongru/api_general/universal/funcs/basic_logger.py

Zeitpunkt: 2023-09-08 21:12:35,809
Loggername: root
LogLevel: ERROR
Benutzerdefiniert: Die Datei None konnte nicht eingelesen werden.
Traceback: Traceback (most recent call last):
  File "/Users/christopherchandler/repo/Python/computerlinguistik/de_np_kongru/kongru/api_general/database_managers/managers/merlin_manager.py", line 248, in open_merlin_file
    with open (file_raw_data, mode="r", encoding="utf-8-sig") as outgoing_file:
TypeError: expected str, bytes or os.PathLike object, not NoneType

Nachricht: expected str, bytes or os.PathLike object, not NoneType
Modul: basic_logger
Funktion: catch_and_log_error
Linie: 100
Dateipfad: /Users/christopherchandler/repo/Python/computerlinguistik/de_np_kongru/kongru/api_general/universal/funcs/basic_logger.py

Zeitpunkt: 2023-09-08 21:12:35,810
Loggername: root
LogLevel: ERROR
Benutzerdefiniert: Die Datei None konnte nicht eingelesen werden.
Traceback: Traceback (most recent call last):
  File "/Users/christopherchandler/repo/Python/computerlinguistik/de_np_kongru/kongru/api_general/database_managers/managers/merlin_manager.py", line 248, in open_merlin_file
    with open (file_raw_data, mode="r", encoding="utf-8-sig") as outgoing_file:
TypeError: expected str, bytes or os.PathLike object, not NoneType

Nachricht: expected str, bytes or os.PathLike object, not NoneType
Modul: basic_logger
Funktion: catch_and_log_error
Linie: 100
Dateipfad: /Users/christopherchandler/repo/Python/computerlinguistik/de_np_kongru/kongru/api_general/universal/funcs/basic_logger.py

Zeitpunkt: 2023-09-08 21:12:50,027
Loggername: root
LogLevel: ERROR
Benutzerdefiniert: Die Datei None konnte nicht eingelesen werden.
Traceback: Traceback (most recent call last):
  File "/Users/christopherchandler/repo/Python/computerlinguistik/de_np_kongru/kongru/api_general/database_managers/managers/merlin_manager.py", line 248, in open_merlin_file
    with open (file_raw_data, mode="r", encoding="utf-8-sig") as outgoing_file:
TypeError: expected str, bytes or os.PathLike object, not NoneType

Nachricht: expected str, bytes or os.PathLike object, not NoneType
Modul: basic_logger
Funktion: catch_and_log_error
Linie: 100
Dateipfad: /Users/christopherchandler/repo/Python/computerlinguistik/de_np_kongru/kongru/api_general/universal/funcs/basic_logger.py

Zeitpunkt: 2023-09-08 21:12:50,028
Loggername: root
LogLevel: ERROR
Benutzerdefiniert: Die Datei None konnte nicht eingelesen werden.
Traceback: Traceback (most recent call last):
  File "/Users/christopherchandler/repo/Python/computerlinguistik/de_np_kongru/kongru/api_general/database_managers/managers/merlin_manager.py", line 248, in open_merlin_file
    with open (file_raw_data, mode="r", encoding="utf-8-sig") as outgoing_file:
TypeError: expected str, bytes or os.PathLike object, not NoneType

Nachricht: expected str, bytes or os.PathLike object, not NoneType
Modul: basic_logger
Funktion: catch_and_log_error
Linie: 100
Dateipfad: /Users/christopherchandler/repo/Python/computerlinguistik/de_np_kongru/kongru/api_general/universal/funcs/basic_logger.py

Zeitpunkt: 2023-09-08 21:12:50,028
Loggername: root
LogLevel: ERROR
Benutzerdefiniert: Die Datei None konnte nicht eingelesen werden.
Traceback: Traceback (most recent call last):
  File "/Users/christopherchandler/repo/Python/computerlinguistik/de_np_kongru/kongru/api_general/database_managers/managers/merlin_manager.py", line 248, in open_merlin_file
    with open (file_raw_data, mode="r", encoding="utf-8-sig") as outgoing_file:
TypeError: expected str, bytes or os.PathLike object, not NoneType

Nachricht: expected str, bytes or os.PathLike object, not NoneType
Modul: basic_logger
Funktion: catch_and_log_error
Linie: 100
Dateipfad: /Users/christopherchandler/repo/Python/computerlinguistik/de_np_kongru/kongru/api_general/universal/funcs/basic_logger.py

Zeitpunkt: 2023-09-08 21:12:57,407
Loggername: root
LogLevel: ERROR
Benutzerdefiniert: Die Datei None konnte nicht eingelesen werden.
Traceback: Traceback (most recent call last):
  File "/Users/christopherchandler/repo/Python/computerlinguistik/de_np_kongru/kongru/api_general/database_managers/managers/merlin_manager.py", line 248, in open_merlin_file
    with open (file_raw_data, mode="r", encoding="utf-8-sig") as outgoing_file:
TypeError: expected str, bytes or os.PathLike object, not NoneType

Nachricht: expected str, bytes or os.PathLike object, not NoneType
Modul: basic_logger
Funktion: catch_and_log_error
Linie: 100
Dateipfad: /Users/christopherchandler/repo/Python/computerlinguistik/de_np_kongru/kongru/api_general/universal/funcs/basic_logger.py

Zeitpunkt: 2023-09-08 21:12:57,407
Loggername: root
LogLevel: ERROR
Benutzerdefiniert: Die Datei None konnte nicht eingelesen werden.
Traceback: Traceback (most recent call last):
  File "/Users/christopherchandler/repo/Python/computerlinguistik/de_np_kongru/kongru/api_general/database_managers/managers/merlin_manager.py", line 248, in open_merlin_file
    with open (file_raw_data, mode="r", encoding="utf-8-sig") as outgoing_file:
TypeError: expected str, bytes or os.PathLike object, not NoneType

Nachricht: expected str, bytes or os.PathLike object, not NoneType
Modul: basic_logger
Funktion: catch_and_log_error
Linie: 100
Dateipfad: /Users/christopherchandler/repo/Python/computerlinguistik/de_np_kongru/kongru/api_general/universal/funcs/basic_logger.py

Zeitpunkt: 2023-09-08 21:12:57,408
Loggername: root
LogLevel: ERROR
Benutzerdefiniert: Die Datei None konnte nicht eingelesen werden.
Traceback: Traceback (most recent call last):
  File "/Users/christopherchandler/repo/Python/computerlinguistik/de_np_kongru/kongru/api_general/database_managers/managers/merlin_manager.py", line 248, in open_merlin_file
    with open (file_raw_data, mode="r", encoding="utf-8-sig") as outgoing_file:
TypeError: expected str, bytes or os.PathLike object, not NoneType

Nachricht: expected str, bytes or os.PathLike object, not NoneType
Modul: basic_logger
Funktion: catch_and_log_error
Linie: 100
Dateipfad: /Users/christopherchandler/repo/Python/computerlinguistik/de_np_kongru/kongru/api_general/universal/funcs/basic_logger.py

Zeitpunkt: 2023-09-08 21:13:05,123
Loggername: root
LogLevel: ERROR
Benutzerdefiniert: Die Datei None konnte nicht eingelesen werden.
Traceback: Traceback (most recent call last):
  File "/Users/christopherchandler/repo/Python/computerlinguistik/de_np_kongru/kongru/api_general/database_managers/managers/merlin_manager.py", line 248, in open_merlin_file
    with open (file_raw_data, mode="r", encoding="utf-8-sig") as outgoing_file:
TypeError: expected str, bytes or os.PathLike object, not NoneType

Nachricht: expected str, bytes or os.PathLike object, not NoneType
Modul: basic_logger
Funktion: catch_and_log_error
Linie: 100
Dateipfad: /Users/christopherchandler/repo/Python/computerlinguistik/de_np_kongru/kongru/api_general/universal/funcs/basic_logger.py

Zeitpunkt: 2023-09-08 21:13:05,123
Loggername: root
LogLevel: ERROR
Benutzerdefiniert: Die Datei None konnte nicht eingelesen werden.
Traceback: Traceback (most recent call last):
  File "/Users/christopherchandler/repo/Python/computerlinguistik/de_np_kongru/kongru/api_general/database_managers/managers/merlin_manager.py", line 248, in open_merlin_file
    with open (file_raw_data, mode="r", encoding="utf-8-sig") as outgoing_file:
TypeError: expected str, bytes or os.PathLike object, not NoneType

Nachricht: expected str, bytes or os.PathLike object, not NoneType
Modul: basic_logger
Funktion: catch_and_log_error
Linie: 100
Dateipfad: /Users/christopherchandler/repo/Python/computerlinguistik/de_np_kongru/kongru/api_general/universal/funcs/basic_logger.py

Zeitpunkt: 2023-09-08 21:13:16,610
Loggername: root
LogLevel: ERROR
Benutzerdefiniert: Die Datei None konnte nicht eingelesen werden.
Traceback: Traceback (most recent call last):
  File "/Users/christopherchandler/repo/Python/computerlinguistik/de_np_kongru/kongru/api_general/database_managers/managers/merlin_manager.py", line 248, in open_merlin_file
    with open (file_raw_data, mode="r", encoding="utf-8-sig") as outgoing_file:
TypeError: expected str, bytes or os.PathLike object, not NoneType

Nachricht: expected str, bytes or os.PathLike object, not NoneType
Modul: basic_logger
Funktion: catch_and_log_error
Linie: 100
Dateipfad: /Users/christopherchandler/repo/Python/computerlinguistik/de_np_kongru/kongru/api_general/universal/funcs/basic_logger.py

Zeitpunkt: 2023-09-08 21:13:16,610
Loggername: root
LogLevel: ERROR
Benutzerdefiniert: Die Datei None konnte nicht eingelesen werden.
Traceback: Traceback (most recent call last):
  File "/Users/christopherchandler/repo/Python/computerlinguistik/de_np_kongru/kongru/api_general/database_managers/managers/merlin_manager.py", line 248, in open_merlin_file
    with open (file_raw_data, mode="r", encoding="utf-8-sig") as outgoing_file:
TypeError: expected str, bytes or os.PathLike object, not NoneType

Nachricht: expected str, bytes or os.PathLike object, not NoneType
Modul: basic_logger
Funktion: catch_and_log_error
Linie: 100
Dateipfad: /Users/christopherchandler/repo/Python/computerlinguistik/de_np_kongru/kongru/api_general/universal/funcs/basic_logger.py

Zeitpunkt: 2023-09-08 21:13:24,258
Loggername: root
LogLevel: ERROR
Benutzerdefiniert: Die Datei None konnte nicht eingelesen werden.
Traceback: Traceback (most recent call last):
  File "/Users/christopherchandler/repo/Python/computerlinguistik/de_np_kongru/kongru/api_general/database_managers/managers/merlin_manager.py", line 248, in open_merlin_file
    with open (file_raw_data, mode="r", encoding="utf-8-sig") as outgoing_file:
TypeError: expected str, bytes or os.PathLike object, not NoneType

Nachricht: expected str, bytes or os.PathLike object, not NoneType
Modul: basic_logger
Funktion: catch_and_log_error
Linie: 100
Dateipfad: /Users/christopherchandler/repo/Python/computerlinguistik/de_np_kongru/kongru/api_general/universal/funcs/basic_logger.py

Zeitpunkt: 2023-09-08 21:13:24,259
Loggername: root
LogLevel: ERROR
Benutzerdefiniert: Die Datei None konnte nicht eingelesen werden.
Traceback: Traceback (most recent call last):
  File "/Users/christopherchandler/repo/Python/computerlinguistik/de_np_kongru/kongru/api_general/database_managers/managers/merlin_manager.py", line 248, in open_merlin_file
    with open (file_raw_data, mode="r", encoding="utf-8-sig") as outgoing_file:
TypeError: expected str, bytes or os.PathLike object, not NoneType

Nachricht: expected str, bytes or os.PathLike object, not NoneType
Modul: basic_logger
Funktion: catch_and_log_error
Linie: 100
Dateipfad: /Users/christopherchandler/repo/Python/computerlinguistik/de_np_kongru/kongru/api_general/universal/funcs/basic_logger.py

Zeitpunkt: 2023-09-08 21:14:48,142
Loggername: root
LogLevel: ERROR
Benutzerdefiniert: Die Datei None konnte nicht eingelesen werden.
Traceback: Traceback (most recent call last):
  File "/Users/christopherchandler/repo/Python/computerlinguistik/de_np_kongru/kongru/api_general/database_managers/managers/merlin_manager.py", line 248, in open_merlin_file
    with open (file_raw_data, mode="r", encoding="utf-8-sig") as outgoing_file:
TypeError: expected str, bytes or os.PathLike object, not NoneType

Nachricht: expected str, bytes or os.PathLike object, not NoneType
Modul: basic_logger
Funktion: catch_and_log_error
Linie: 100
Dateipfad: /Users/christopherchandler/repo/Python/computerlinguistik/de_np_kongru/kongru/api_general/universal/funcs/basic_logger.py

Zeitpunkt: 2023-09-08 21:14:48,142
Loggername: root
LogLevel: ERROR
Benutzerdefiniert: Die Datei None konnte nicht eingelesen werden.
Traceback: Traceback (most recent call last):
  File "/Users/christopherchandler/repo/Python/computerlinguistik/de_np_kongru/kongru/api_general/database_managers/managers/merlin_manager.py", line 248, in open_merlin_file
    with open (file_raw_data, mode="r", encoding="utf-8-sig") as outgoing_file:
TypeError: expected str, bytes or os.PathLike object, not NoneType

Nachricht: expected str, bytes or os.PathLike object, not NoneType
Modul: basic_logger
Funktion: catch_and_log_error
Linie: 100
Dateipfad: /Users/christopherchandler/repo/Python/computerlinguistik/de_np_kongru/kongru/api_general/universal/funcs/basic_logger.py

Zeitpunkt: 2023-09-08 21:14:48,142
Loggername: root
LogLevel: ERROR
Benutzerdefiniert: Die Datei None konnte nicht eingelesen werden.
Traceback: Traceback (most recent call last):
  File "/Users/christopherchandler/repo/Python/computerlinguistik/de_np_kongru/kongru/api_general/database_managers/managers/merlin_manager.py", line 248, in open_merlin_file
    with open (file_raw_data, mode="r", encoding="utf-8-sig") as outgoing_file:
TypeError: expected str, bytes or os.PathLike object, not NoneType

Nachricht: expected str, bytes or os.PathLike object, not NoneType
Modul: basic_logger
Funktion: catch_and_log_error
Linie: 100
Dateipfad: /Users/christopherchandler/repo/Python/computerlinguistik/de_np_kongru/kongru/api_general/universal/funcs/basic_logger.py

Zeitpunkt: 2023-09-08 21:14:48,294
Loggername: root
LogLevel: ERROR
Benutzerdefiniert: Die Datei None konnte nicht eingelesen werden.
Traceback: Traceback (most recent call last):
  File "/Users/christopherchandler/repo/Python/computerlinguistik/de_np_kongru/kongru/api_general/database_managers/managers/merlin_manager.py", line 248, in open_merlin_file
    with open (file_raw_data, mode="r", encoding="utf-8-sig") as outgoing_file:
TypeError: expected str, bytes or os.PathLike object, not NoneType

Nachricht: expected str, bytes or os.PathLike object, not NoneType
Modul: basic_logger
Funktion: catch_and_log_error
Linie: 100
Dateipfad: /Users/christopherchandler/repo/Python/computerlinguistik/de_np_kongru/kongru/api_general/universal/funcs/basic_logger.py

Zeitpunkt: 2023-09-08 21:14:48,294
Loggername: root
LogLevel: ERROR
Benutzerdefiniert: Die Datei None konnte nicht eingelesen werden.
Traceback: Traceback (most recent call last):
  File "/Users/christopherchandler/repo/Python/computerlinguistik/de_np_kongru/kongru/api_general/database_managers/managers/merlin_manager.py", line 248, in open_merlin_file
    with open (file_raw_data, mode="r", encoding="utf-8-sig") as outgoing_file:
TypeError: expected str, bytes or os.PathLike object, not NoneType

Nachricht: expected str, bytes or os.PathLike object, not NoneType
Modul: basic_logger
Funktion: catch_and_log_error
Linie: 100
Dateipfad: /Users/christopherchandler/repo/Python/computerlinguistik/de_np_kongru/kongru/api_general/universal/funcs/basic_logger.py

Zeitpunkt: 2023-09-08 21:14:48,294
Loggername: root
LogLevel: ERROR
Benutzerdefiniert: Die Datei None konnte nicht eingelesen werden.
Traceback: Traceback (most recent call last):
  File "/Users/christopherchandler/repo/Python/computerlinguistik/de_np_kongru/kongru/api_general/database_managers/managers/merlin_manager.py", line 248, in open_merlin_file
    with open (file_raw_data, mode="r", encoding="utf-8-sig") as outgoing_file:
TypeError: expected str, bytes or os.PathLike object, not NoneType

Nachricht: expected str, bytes or os.PathLike object, not NoneType
Modul: basic_logger
Funktion: catch_and_log_error
Linie: 100
Dateipfad: /Users/christopherchandler/repo/Python/computerlinguistik/de_np_kongru/kongru/api_general/universal/funcs/basic_logger.py

Zeitpunkt: 2023-09-08 21:17:32,216
Loggername: root
LogLevel: ERROR
Benutzerdefiniert: Die Datei None konnte nicht eingelesen werden.
Traceback: Traceback (most recent call last):
  File "/Users/christopherchandler/repo/Python/computerlinguistik/de_np_kongru/kongru/api_general/database_managers/managers/merlin_manager.py", line 248, in open_merlin_file
    with open (file_raw_data, mode="r", encoding="utf-8-sig") as outgoing_file:
TypeError: expected str, bytes or os.PathLike object, not NoneType

Nachricht: expected str, bytes or os.PathLike object, not NoneType
Modul: basic_logger
Funktion: catch_and_log_error
Linie: 100
Dateipfad: /Users/christopherchandler/repo/Python/computerlinguistik/de_np_kongru/kongru/api_general/universal/funcs/basic_logger.py

Zeitpunkt: 2023-09-08 21:17:41,089
Loggername: root
LogLevel: ERROR
Benutzerdefiniert: Die Datei None konnte nicht eingelesen werden.
Traceback: Traceback (most recent call last):
  File "/Users/christopherchandler/repo/Python/computerlinguistik/de_np_kongru/kongru/api_general/database_managers/managers/merlin_manager.py", line 248, in open_merlin_file
    with open (file_raw_data, mode="r", encoding="utf-8-sig") as outgoing_file:
TypeError: expected str, bytes or os.PathLike object, not NoneType

Nachricht: expected str, bytes or os.PathLike object, not NoneType
Modul: basic_logger
Funktion: catch_and_log_error
Linie: 100
Dateipfad: /Users/christopherchandler/repo/Python/computerlinguistik/de_np_kongru/kongru/api_general/universal/funcs/basic_logger.py

Zeitpunkt: 2023-09-08 21:18:27,303
Loggername: root
LogLevel: ERROR
Benutzerdefiniert: Die Datei None konnte nicht eingelesen werden.
Traceback: Traceback (most recent call last):
  File "/Users/christopherchandler/repo/Python/computerlinguistik/de_np_kongru/kongru/api_general/database_managers/managers/merlin_manager.py", line 248, in open_merlin_file
    with open (file_raw_data, mode="r", encoding="utf-8-sig") as outgoing_file:
TypeError: expected str, bytes or os.PathLike object, not NoneType

Nachricht: expected str, bytes or os.PathLike object, not NoneType
Modul: basic_logger
Funktion: catch_and_log_error
Linie: 100
Dateipfad: /Users/christopherchandler/repo/Python/computerlinguistik/de_np_kongru/kongru/api_general/universal/funcs/basic_logger.py

Zeitpunkt: 2023-09-08 21:18:41,171
Loggername: root
LogLevel: ERROR
Benutzerdefiniert: Die Datei None konnte nicht eingelesen werden.
Traceback: Traceback (most recent call last):
  File "/Users/christopherchandler/repo/Python/computerlinguistik/de_np_kongru/kongru/api_general/database_managers/managers/merlin_manager.py", line 248, in open_merlin_file
    with open (file_raw_data, mode="r", encoding="utf-8-sig") as outgoing_file:
TypeError: expected str, bytes or os.PathLike object, not NoneType

Nachricht: expected str, bytes or os.PathLike object, not NoneType
Modul: basic_logger
Funktion: catch_and_log_error
Linie: 100
Dateipfad: /Users/christopherchandler/repo/Python/computerlinguistik/de_np_kongru/kongru/api_general/universal/funcs/basic_logger.py

Zeitpunkt: 2023-09-08 21:19:15,333
Loggername: root
LogLevel: ERROR
Benutzerdefiniert: Die Datei None konnte nicht eingelesen werden.
Traceback: Traceback (most recent call last):
  File "/Users/christopherchandler/repo/Python/computerlinguistik/de_np_kongru/kongru/api_general/database_managers/managers/merlin_manager.py", line 248, in open_merlin_file
    with open (file_raw_data, mode="r", encoding="utf-8-sig") as outgoing_file:
TypeError: expected str, bytes or os.PathLike object, not NoneType

Nachricht: expected str, bytes or os.PathLike object, not NoneType
Modul: basic_logger
Funktion: catch_and_log_error
Linie: 100
Dateipfad: /Users/christopherchandler/repo/Python/computerlinguistik/de_np_kongru/kongru/api_general/universal/funcs/basic_logger.py

Zeitpunkt: 2023-09-08 21:19:18,709
Loggername: root
LogLevel: ERROR
Benutzerdefiniert: Die Datei None konnte nicht eingelesen werden.
Traceback: Traceback (most recent call last):
  File "/Users/christopherchandler/repo/Python/computerlinguistik/de_np_kongru/kongru/api_general/database_managers/managers/merlin_manager.py", line 248, in open_merlin_file
    with open (file_raw_data, mode="r", encoding="utf-8-sig") as outgoing_file:
TypeError: expected str, bytes or os.PathLike object, not NoneType

Nachricht: expected str, bytes or os.PathLike object, not NoneType
Modul: basic_logger
Funktion: catch_and_log_error
Linie: 100
Dateipfad: /Users/christopherchandler/repo/Python/computerlinguistik/de_np_kongru/kongru/api_general/universal/funcs/basic_logger.py

Zeitpunkt: 2023-09-08 21:19:19,605
Loggername: root
LogLevel: ERROR
Benutzerdefiniert: Die Datei None konnte nicht eingelesen werden.
Traceback: Traceback (most recent call last):
  File "/Users/christopherchandler/repo/Python/computerlinguistik/de_np_kongru/kongru/api_general/database_managers/managers/merlin_manager.py", line 248, in open_merlin_file
    with open (file_raw_data, mode="r", encoding="utf-8-sig") as outgoing_file:
TypeError: expected str, bytes or os.PathLike object, not NoneType

Nachricht: expected str, bytes or os.PathLike object, not NoneType
Modul: basic_logger
Funktion: catch_and_log_error
Linie: 100
Dateipfad: /Users/christopherchandler/repo/Python/computerlinguistik/de_np_kongru/kongru/api_general/universal/funcs/basic_logger.py

Zeitpunkt: 2023-09-08 21:19:20,266
Loggername: root
LogLevel: ERROR
Benutzerdefiniert: Die Datei None konnte nicht eingelesen werden.
Traceback: Traceback (most recent call last):
  File "/Users/christopherchandler/repo/Python/computerlinguistik/de_np_kongru/kongru/api_general/database_managers/managers/merlin_manager.py", line 248, in open_merlin_file
    with open (file_raw_data, mode="r", encoding="utf-8-sig") as outgoing_file:
TypeError: expected str, bytes or os.PathLike object, not NoneType

Nachricht: expected str, bytes or os.PathLike object, not NoneType
Modul: basic_logger
Funktion: catch_and_log_error
Linie: 100
Dateipfad: /Users/christopherchandler/repo/Python/computerlinguistik/de_np_kongru/kongru/api_general/universal/funcs/basic_logger.py

Zeitpunkt: 2023-09-08 21:19:20,801
Loggername: root
LogLevel: ERROR
Benutzerdefiniert: Die Datei None konnte nicht eingelesen werden.
Traceback: Traceback (most recent call last):
  File "/Users/christopherchandler/repo/Python/computerlinguistik/de_np_kongru/kongru/api_general/database_managers/managers/merlin_manager.py", line 248, in open_merlin_file
    with open (file_raw_data, mode="r", encoding="utf-8-sig") as outgoing_file:
TypeError: expected str, bytes or os.PathLike object, not NoneType

Nachricht: expected str, bytes or os.PathLike object, not NoneType
Modul: basic_logger
Funktion: catch_and_log_error
Linie: 100
Dateipfad: /Users/christopherchandler/repo/Python/computerlinguistik/de_np_kongru/kongru/api_general/universal/funcs/basic_logger.py

Zeitpunkt: 2023-09-08 21:39:52,117
Loggername: root
LogLevel: ERROR
Benutzerdefiniert: Die Datei None konnte nicht eingelesen werden.
Traceback: Traceback (most recent call last):
  File "/Users/christopherchandler/repo/Python/computerlinguistik/de_np_kongru/kongru/api_general/database_managers/managers/merlin_manager.py", line 248, in open_merlin_file
    with open (file_raw_data, mode="r", encoding="utf-8-sig") as outgoing_file:
TypeError: expected str, bytes or os.PathLike object, not NoneType

Nachricht: expected str, bytes or os.PathLike object, not NoneType
Modul: basic_logger
Funktion: catch_and_log_error
Linie: 100
Dateipfad: /Users/christopherchandler/repo/Python/computerlinguistik/de_np_kongru/kongru/api_general/universal/funcs/basic_logger.py

Zeitpunkt: 2023-09-08 21:39:52,118
Loggername: root
LogLevel: ERROR
Benutzerdefiniert: Die Datei None konnte nicht eingelesen werden.
Traceback: Traceback (most recent call last):
  File "/Users/christopherchandler/repo/Python/computerlinguistik/de_np_kongru/kongru/api_general/database_managers/managers/merlin_manager.py", line 248, in open_merlin_file
    with open (file_raw_data, mode="r", encoding="utf-8-sig") as outgoing_file:
TypeError: expected str, bytes or os.PathLike object, not NoneType

Nachricht: expected str, bytes or os.PathLike object, not NoneType
Modul: basic_logger
Funktion: catch_and_log_error
Linie: 100
Dateipfad: /Users/christopherchandler/repo/Python/computerlinguistik/de_np_kongru/kongru/api_general/universal/funcs/basic_logger.py

Zeitpunkt: 2023-09-08 21:39:52,118
Loggername: root
LogLevel: ERROR
Benutzerdefiniert: Die Datei None konnte nicht eingelesen werden.
Traceback: Traceback (most recent call last):
  File "/Users/christopherchandler/repo/Python/computerlinguistik/de_np_kongru/kongru/api_general/database_managers/managers/merlin_manager.py", line 248, in open_merlin_file
    with open (file_raw_data, mode="r", encoding="utf-8-sig") as outgoing_file:
TypeError: expected str, bytes or os.PathLike object, not NoneType

Nachricht: expected str, bytes or os.PathLike object, not NoneType
Modul: basic_logger
Funktion: catch_and_log_error
Linie: 100
Dateipfad: /Users/christopherchandler/repo/Python/computerlinguistik/de_np_kongru/kongru/api_general/universal/funcs/basic_logger.py

Zeitpunkt: 2023-09-08 21:39:52,118
Loggername: root
LogLevel: ERROR
Benutzerdefiniert: Die Datei None konnte nicht eingelesen werden.
Traceback: Traceback (most recent call last):
  File "/Users/christopherchandler/repo/Python/computerlinguistik/de_np_kongru/kongru/api_general/database_managers/managers/merlin_manager.py", line 248, in open_merlin_file
    with open (file_raw_data, mode="r", encoding="utf-8-sig") as outgoing_file:
TypeError: expected str, bytes or os.PathLike object, not NoneType

Nachricht: expected str, bytes or os.PathLike object, not NoneType
Modul: basic_logger
Funktion: catch_and_log_error
Linie: 100
Dateipfad: /Users/christopherchandler/repo/Python/computerlinguistik/de_np_kongru/kongru/api_general/universal/funcs/basic_logger.py

