Zeitpunkt: 2023-08-22 15:59:54,258
Loggername: root
LogLevel: ERROR
Benutzerdefiniert: _
Nachricht: 'NoneType' object has no attribute 'split'
Modul: np_congruency
Funktion: __simple_congruency
Linie: 44
Dateipfad: /Users/christopherchandler/repo/Python/De_NP_Kongru/kongru/api_nlp/congruential_analysis/congruency/np_congruency.py

Zeitpunkt: 2023-08-22 15:59:54,258
Loggername: root
LogLevel: ERROR
Benutzerdefiniert: _
Nachricht: 'NoneType' object has no attribute 'split'
Modul: np_congruency
Funktion: __simple_congruency
Linie: 44
Dateipfad: /Users/christopherchandler/repo/Python/De_NP_Kongru/kongru/api_nlp/congruential_analysis/congruency/np_congruency.py

Zeitpunkt: 2023-08-22 15:59:54,258
Loggername: root
LogLevel: ERROR
Benutzerdefiniert: _
Nachricht: 'NoneType' object has no attribute 'split'
Modul: np_congruency
Funktion: __simple_congruency
Linie: 44
Dateipfad: /Users/christopherchandler/repo/Python/De_NP_Kongru/kongru/api_nlp/congruential_analysis/congruency/np_congruency.py

Zeitpunkt: 2023-08-22 15:59:54,258
Loggername: root
LogLevel: ERROR
Benutzerdefiniert: _
Nachricht: 'NoneType' object has no attribute 'split'
Modul: np_congruency
Funktion: __simple_congruency
Linie: 44
Dateipfad: /Users/christopherchandler/repo/Python/De_NP_Kongru/kongru/api_nlp/congruential_analysis/congruency/np_congruency.py

Zeitpunkt: 2023-08-22 15:59:54,258
Loggername: root
LogLevel: ERROR
Benutzerdefiniert: _
Nachricht: 'NoneType' object has no attribute 'split'
Modul: np_congruency
Funktion: __simple_congruency
Linie: 44
Dateipfad: /Users/christopherchandler/repo/Python/De_NP_Kongru/kongru/api_nlp/congruential_analysis/congruency/np_congruency.py

Zeitpunkt: 2023-08-22 15:59:54,258
Loggername: root
LogLevel: ERROR
Benutzerdefiniert: _
Nachricht: 'NoneType' object has no attribute 'split'
Modul: np_congruency
Funktion: __simple_congruency
Linie: 44
Dateipfad: /Users/christopherchandler/repo/Python/De_NP_Kongru/kongru/api_nlp/congruential_analysis/congruency/np_congruency.py

Zeitpunkt: 2023-08-22 15:59:54,258
Loggername: root
LogLevel: ERROR
Benutzerdefiniert: _
Nachricht: 'NoneType' object has no attribute 'split'
Modul: np_congruency
Funktion: __simple_congruency
Linie: 44
Dateipfad: /Users/christopherchandler/repo/Python/De_NP_Kongru/kongru/api_nlp/congruential_analysis/congruency/np_congruency.py

Zeitpunkt: 2023-08-22 15:59:54,259
Loggername: root
LogLevel: ERROR
Benutzerdefiniert: _
Nachricht: 'NoneType' object has no attribute 'split'
Modul: np_congruency
Funktion: __simple_congruency
Linie: 44
Dateipfad: /Users/christopherchandler/repo/Python/De_NP_Kongru/kongru/api_nlp/congruential_analysis/congruency/np_congruency.py

Zeitpunkt: 2023-08-22 15:59:54,259
Loggername: root
LogLevel: ERROR
Benutzerdefiniert: _
Nachricht: 'NoneType' object has no attribute 'split'
Modul: np_congruency
Funktion: __simple_congruency
Linie: 44
Dateipfad: /Users/christopherchandler/repo/Python/De_NP_Kongru/kongru/api_nlp/congruential_analysis/congruency/np_congruency.py

Zeitpunkt: 2023-08-22 15:59:54,259
Loggername: root
LogLevel: ERROR
Benutzerdefiniert: _
Nachricht: 'NoneType' object has no attribute 'split'
Modul: np_congruency
Funktion: __simple_congruency
Linie: 44
Dateipfad: /Users/christopherchandler/repo/Python/De_NP_Kongru/kongru/api_nlp/congruential_analysis/congruency/np_congruency.py

Zeitpunkt: 2023-08-22 15:59:54,259
Loggername: root
LogLevel: ERROR
Benutzerdefiniert: _
Nachricht: 'NoneType' object has no attribute 'split'
Modul: np_congruency
Funktion: __simple_congruency
Linie: 44
Dateipfad: /Users/christopherchandler/repo/Python/De_NP_Kongru/kongru/api_nlp/congruential_analysis/congruency/np_congruency.py

Zeitpunkt: 2023-08-22 15:59:54,259
Loggername: root
LogLevel: ERROR
Benutzerdefiniert: _
Nachricht: 'NoneType' object has no attribute 'split'
Modul: np_congruency
Funktion: __simple_congruency
Linie: 44
Dateipfad: /Users/christopherchandler/repo/Python/De_NP_Kongru/kongru/api_nlp/congruential_analysis/congruency/np_congruency.py

Zeitpunkt: 2023-08-22 15:59:54,259
Loggername: root
LogLevel: ERROR
Benutzerdefiniert: _
Nachricht: 'NoneType' object has no attribute 'split'
Modul: np_congruency
Funktion: __simple_congruency
Linie: 44
Dateipfad: /Users/christopherchandler/repo/Python/De_NP_Kongru/kongru/api_nlp/congruential_analysis/congruency/np_congruency.py

Zeitpunkt: 2023-08-22 15:59:54,259
Loggername: root
LogLevel: ERROR
Benutzerdefiniert: _
Nachricht: 'NoneType' object has no attribute 'split'
Modul: np_congruency
Funktion: __simple_congruency
Linie: 44
Dateipfad: /Users/christopherchandler/repo/Python/De_NP_Kongru/kongru/api_nlp/congruential_analysis/congruency/np_congruency.py

Zeitpunkt: 2023-08-22 15:59:54,259
Loggername: root
LogLevel: ERROR
Benutzerdefiniert: _
Nachricht: 'NoneType' object has no attribute 'split'
Modul: np_congruency
Funktion: __simple_congruency
Linie: 44
Dateipfad: /Users/christopherchandler/repo/Python/De_NP_Kongru/kongru/api_nlp/congruential_analysis/congruency/np_congruency.py

Zeitpunkt: 2023-08-22 15:59:54,259
Loggername: root
LogLevel: ERROR
Benutzerdefiniert: _
Nachricht: 'NoneType' object has no attribute 'split'
Modul: np_congruency
Funktion: __simple_congruency
Linie: 44
Dateipfad: /Users/christopherchandler/repo/Python/De_NP_Kongru/kongru/api_nlp/congruential_analysis/congruency/np_congruency.py

Zeitpunkt: 2023-08-22 15:59:54,259
Loggername: root
LogLevel: ERROR
Benutzerdefiniert: _
Nachricht: 'NoneType' object has no attribute 'split'
Modul: np_congruency
Funktion: __simple_congruency
Linie: 44
Dateipfad: /Users/christopherchandler/repo/Python/De_NP_Kongru/kongru/api_nlp/congruential_analysis/congruency/np_congruency.py

Zeitpunkt: 2023-08-22 15:59:54,259
Loggername: root
LogLevel: ERROR
Benutzerdefiniert: _
Nachricht: 'NoneType' object has no attribute 'split'
Modul: np_congruency
Funktion: __simple_congruency
Linie: 44
Dateipfad: /Users/christopherchandler/repo/Python/De_NP_Kongru/kongru/api_nlp/congruential_analysis/congruency/np_congruency.py

Zeitpunkt: 2023-08-22 15:59:54,259
Loggername: root
LogLevel: ERROR
Benutzerdefiniert: _
Nachricht: 'NoneType' object has no attribute 'split'
Modul: np_congruency
Funktion: __simple_congruency
Linie: 44
Dateipfad: /Users/christopherchandler/repo/Python/De_NP_Kongru/kongru/api_nlp/congruential_analysis/congruency/np_congruency.py

Zeitpunkt: 2023-08-22 15:59:54,259
Loggername: root
LogLevel: ERROR
Benutzerdefiniert: _
Nachricht: 'NoneType' object has no attribute 'split'
Modul: np_congruency
Funktion: __simple_congruency
Linie: 44
Dateipfad: /Users/christopherchandler/repo/Python/De_NP_Kongru/kongru/api_nlp/congruential_analysis/congruency/np_congruency.py

Zeitpunkt: 2023-08-22 15:59:54,259
Loggername: root
LogLevel: ERROR
Benutzerdefiniert: _
Nachricht: 'NoneType' object has no attribute 'split'
Modul: np_congruency
Funktion: __simple_congruency
Linie: 44
Dateipfad: /Users/christopherchandler/repo/Python/De_NP_Kongru/kongru/api_nlp/congruential_analysis/congruency/np_congruency.py

Zeitpunkt: 2023-08-22 15:59:54,259
Loggername: root
LogLevel: ERROR
Benutzerdefiniert: _
Nachricht: 'NoneType' object has no attribute 'split'
Modul: np_congruency
Funktion: __simple_congruency
Linie: 44
Dateipfad: /Users/christopherchandler/repo/Python/De_NP_Kongru/kongru/api_nlp/congruential_analysis/congruency/np_congruency.py

Zeitpunkt: 2023-08-22 15:59:54,259
Loggername: root
LogLevel: ERROR
Benutzerdefiniert: _
Nachricht: 'NoneType' object has no attribute 'split'
Modul: np_congruency
Funktion: __simple_congruency
Linie: 44
Dateipfad: /Users/christopherchandler/repo/Python/De_NP_Kongru/kongru/api_nlp/congruential_analysis/congruency/np_congruency.py

Zeitpunkt: 2023-08-22 15:59:54,259
Loggername: root
LogLevel: ERROR
Benutzerdefiniert: _
Nachricht: 'NoneType' object has no attribute 'split'
Modul: np_congruency
Funktion: __simple_congruency
Linie: 44
Dateipfad: /Users/christopherchandler/repo/Python/De_NP_Kongru/kongru/api_nlp/congruential_analysis/congruency/np_congruency.py

Zeitpunkt: 2023-08-22 15:59:54,259
Loggername: root
LogLevel: ERROR
Benutzerdefiniert: _
Nachricht: 'NoneType' object has no attribute 'split'
Modul: np_congruency
Funktion: __simple_congruency
Linie: 44
Dateipfad: /Users/christopherchandler/repo/Python/De_NP_Kongru/kongru/api_nlp/congruential_analysis/congruency/np_congruency.py

Zeitpunkt: 2023-08-22 15:59:54,259
Loggername: root
LogLevel: ERROR
Benutzerdefiniert: _
Nachricht: 'NoneType' object has no attribute 'split'
Modul: np_congruency
Funktion: __simple_congruency
Linie: 44
Dateipfad: /Users/christopherchandler/repo/Python/De_NP_Kongru/kongru/api_nlp/congruential_analysis/congruency/np_congruency.py

Zeitpunkt: 2023-08-22 15:59:54,259
Loggername: root
LogLevel: ERROR
Benutzerdefiniert: _
Nachricht: 'NoneType' object has no attribute 'split'
Modul: np_congruency
Funktion: __simple_congruency
Linie: 44
Dateipfad: /Users/christopherchandler/repo/Python/De_NP_Kongru/kongru/api_nlp/congruential_analysis/congruency/np_congruency.py

Zeitpunkt: 2023-08-22 15:59:54,259
Loggername: root
LogLevel: ERROR
Benutzerdefiniert: _
Nachricht: 'NoneType' object has no attribute 'split'
Modul: np_congruency
Funktion: __simple_congruency
Linie: 44
Dateipfad: /Users/christopherchandler/repo/Python/De_NP_Kongru/kongru/api_nlp/congruential_analysis/congruency/np_congruency.py

Zeitpunkt: 2023-08-22 15:59:54,259
Loggername: root
LogLevel: ERROR
Benutzerdefiniert: _
Nachricht: 'NoneType' object has no attribute 'split'
Modul: np_congruency
Funktion: __simple_congruency
Linie: 44
Dateipfad: /Users/christopherchandler/repo/Python/De_NP_Kongru/kongru/api_nlp/congruential_analysis/congruency/np_congruency.py

Zeitpunkt: 2023-08-22 15:59:54,259
Loggername: root
LogLevel: ERROR
Benutzerdefiniert: _
Nachricht: 'NoneType' object has no attribute 'split'
Modul: np_congruency
Funktion: __simple_congruency
Linie: 44
Dateipfad: /Users/christopherchandler/repo/Python/De_NP_Kongru/kongru/api_nlp/congruential_analysis/congruency/np_congruency.py

Zeitpunkt: 2023-08-22 15:59:54,259
Loggername: root
LogLevel: ERROR
Benutzerdefiniert: _
Nachricht: 'NoneType' object has no attribute 'split'
Modul: np_congruency
Funktion: __simple_congruency
Linie: 44
Dateipfad: /Users/christopherchandler/repo/Python/De_NP_Kongru/kongru/api_nlp/congruential_analysis/congruency/np_congruency.py

Zeitpunkt: 2023-08-22 15:59:54,259
Loggername: root
LogLevel: ERROR
Benutzerdefiniert: _
Nachricht: 'NoneType' object has no attribute 'split'
Modul: np_congruency
Funktion: __simple_congruency
Linie: 44
Dateipfad: /Users/christopherchandler/repo/Python/De_NP_Kongru/kongru/api_nlp/congruential_analysis/congruency/np_congruency.py

Zeitpunkt: 2023-08-22 15:59:54,259
Loggername: root
LogLevel: ERROR
Benutzerdefiniert: _
Nachricht: 'NoneType' object has no attribute 'split'
Modul: np_congruency
Funktion: __simple_congruency
Linie: 44
Dateipfad: /Users/christopherchandler/repo/Python/De_NP_Kongru/kongru/api_nlp/congruential_analysis/congruency/np_congruency.py

Zeitpunkt: 2023-08-22 15:59:54,259
Loggername: root
LogLevel: ERROR
Benutzerdefiniert: _
Nachricht: 'NoneType' object has no attribute 'split'
Modul: np_congruency
Funktion: __simple_congruency
Linie: 44
Dateipfad: /Users/christopherchandler/repo/Python/De_NP_Kongru/kongru/api_nlp/congruential_analysis/congruency/np_congruency.py

Zeitpunkt: 2023-08-22 15:59:54,259
Loggername: root
LogLevel: ERROR
Benutzerdefiniert: _
Nachricht: 'NoneType' object has no attribute 'split'
Modul: np_congruency
Funktion: __simple_congruency
Linie: 44
Dateipfad: /Users/christopherchandler/repo/Python/De_NP_Kongru/kongru/api_nlp/congruential_analysis/congruency/np_congruency.py

Zeitpunkt: 2023-08-22 15:59:54,259
Loggername: root
LogLevel: ERROR
Benutzerdefiniert: _
Nachricht: 'NoneType' object has no attribute 'split'
Modul: np_congruency
Funktion: __simple_congruency
Linie: 44
Dateipfad: /Users/christopherchandler/repo/Python/De_NP_Kongru/kongru/api_nlp/congruential_analysis/congruency/np_congruency.py

Zeitpunkt: 2023-08-22 15:59:54,259
Loggername: root
LogLevel: ERROR
Benutzerdefiniert: _
Nachricht: 'NoneType' object has no attribute 'split'
Modul: np_congruency
Funktion: __simple_congruency
Linie: 44
Dateipfad: /Users/christopherchandler/repo/Python/De_NP_Kongru/kongru/api_nlp/congruential_analysis/congruency/np_congruency.py

Zeitpunkt: 2023-08-22 15:59:54,259
Loggername: root
LogLevel: ERROR
Benutzerdefiniert: _
Nachricht: 'NoneType' object has no attribute 'split'
Modul: np_congruency
Funktion: __simple_congruency
Linie: 44
Dateipfad: /Users/christopherchandler/repo/Python/De_NP_Kongru/kongru/api_nlp/congruential_analysis/congruency/np_congruency.py

Zeitpunkt: 2023-08-22 15:59:54,259
Loggername: root
LogLevel: ERROR
Benutzerdefiniert: _
Nachricht: 'NoneType' object has no attribute 'split'
Modul: np_congruency
Funktion: __simple_congruency
Linie: 44
Dateipfad: /Users/christopherchandler/repo/Python/De_NP_Kongru/kongru/api_nlp/congruential_analysis/congruency/np_congruency.py

Zeitpunkt: 2023-08-22 15:59:54,259
Loggername: root
LogLevel: ERROR
Benutzerdefiniert: _
Nachricht: 'NoneType' object has no attribute 'split'
Modul: np_congruency
Funktion: __simple_congruency
Linie: 44
Dateipfad: /Users/christopherchandler/repo/Python/De_NP_Kongru/kongru/api_nlp/congruential_analysis/congruency/np_congruency.py

Zeitpunkt: 2023-08-22 15:59:54,259
Loggername: root
LogLevel: ERROR
Benutzerdefiniert: _
Nachricht: 'NoneType' object has no attribute 'split'
Modul: np_congruency
Funktion: __simple_congruency
Linie: 44
Dateipfad: /Users/christopherchandler/repo/Python/De_NP_Kongru/kongru/api_nlp/congruential_analysis/congruency/np_congruency.py

Zeitpunkt: 2023-08-22 15:59:54,259
Loggername: root
LogLevel: ERROR
Benutzerdefiniert: _
Nachricht: 'NoneType' object has no attribute 'split'
Modul: np_congruency
Funktion: __simple_congruency
Linie: 44
Dateipfad: /Users/christopherchandler/repo/Python/De_NP_Kongru/kongru/api_nlp/congruential_analysis/congruency/np_congruency.py

Zeitpunkt: 2023-08-22 16:00:19,070
Loggername: root
LogLevel: ERROR
Benutzerdefiniert: _
Nachricht: 'NoneType' object has no attribute 'split'
Modul: np_congruency
Funktion: __simple_congruency
Linie: 46
Dateipfad: /Users/christopherchandler/repo/Python/De_NP_Kongru/kongru/api_nlp/congruential_analysis/congruency/np_congruency.py

Zeitpunkt: 2023-08-22 16:00:19,071
Loggername: root
LogLevel: ERROR
Benutzerdefiniert: _
Nachricht: 'NoneType' object has no attribute 'split'
Modul: np_congruency
Funktion: __simple_congruency
Linie: 46
Dateipfad: /Users/christopherchandler/repo/Python/De_NP_Kongru/kongru/api_nlp/congruential_analysis/congruency/np_congruency.py

Zeitpunkt: 2023-08-22 16:00:19,071
Loggername: root
LogLevel: ERROR
Benutzerdefiniert: _
Nachricht: 'NoneType' object has no attribute 'split'
Modul: np_congruency
Funktion: __simple_congruency
Linie: 46
Dateipfad: /Users/christopherchandler/repo/Python/De_NP_Kongru/kongru/api_nlp/congruential_analysis/congruency/np_congruency.py

Zeitpunkt: 2023-08-22 16:00:19,071
Loggername: root
LogLevel: ERROR
Benutzerdefiniert: _
Nachricht: 'NoneType' object has no attribute 'split'
Modul: np_congruency
Funktion: __simple_congruency
Linie: 46
Dateipfad: /Users/christopherchandler/repo/Python/De_NP_Kongru/kongru/api_nlp/congruential_analysis/congruency/np_congruency.py

Zeitpunkt: 2023-08-22 16:00:19,071
Loggername: root
LogLevel: ERROR
Benutzerdefiniert: _
Nachricht: 'NoneType' object has no attribute 'split'
Modul: np_congruency
Funktion: __simple_congruency
Linie: 46
Dateipfad: /Users/christopherchandler/repo/Python/De_NP_Kongru/kongru/api_nlp/congruential_analysis/congruency/np_congruency.py

Zeitpunkt: 2023-08-22 16:00:19,071
Loggername: root
LogLevel: ERROR
Benutzerdefiniert: _
Nachricht: 'NoneType' object has no attribute 'split'
Modul: np_congruency
Funktion: __simple_congruency
Linie: 46
Dateipfad: /Users/christopherchandler/repo/Python/De_NP_Kongru/kongru/api_nlp/congruential_analysis/congruency/np_congruency.py

Zeitpunkt: 2023-08-22 16:00:19,071
Loggername: root
LogLevel: ERROR
Benutzerdefiniert: _
Nachricht: 'NoneType' object has no attribute 'split'
Modul: np_congruency
Funktion: __simple_congruency
Linie: 46
Dateipfad: /Users/christopherchandler/repo/Python/De_NP_Kongru/kongru/api_nlp/congruential_analysis/congruency/np_congruency.py

Zeitpunkt: 2023-08-22 16:00:19,071
Loggername: root
LogLevel: ERROR
Benutzerdefiniert: _
Nachricht: 'NoneType' object has no attribute 'split'
Modul: np_congruency
Funktion: __simple_congruency
Linie: 46
Dateipfad: /Users/christopherchandler/repo/Python/De_NP_Kongru/kongru/api_nlp/congruential_analysis/congruency/np_congruency.py

Zeitpunkt: 2023-08-22 16:00:19,071
Loggername: root
LogLevel: ERROR
Benutzerdefiniert: _
Nachricht: 'NoneType' object has no attribute 'split'
Modul: np_congruency
Funktion: __simple_congruency
Linie: 46
Dateipfad: /Users/christopherchandler/repo/Python/De_NP_Kongru/kongru/api_nlp/congruential_analysis/congruency/np_congruency.py

Zeitpunkt: 2023-08-22 16:00:19,071
Loggername: root
LogLevel: ERROR
Benutzerdefiniert: _
Nachricht: 'NoneType' object has no attribute 'split'
Modul: np_congruency
Funktion: __simple_congruency
Linie: 46
Dateipfad: /Users/christopherchandler/repo/Python/De_NP_Kongru/kongru/api_nlp/congruential_analysis/congruency/np_congruency.py

Zeitpunkt: 2023-08-22 16:00:19,071
Loggername: root
LogLevel: ERROR
Benutzerdefiniert: _
Nachricht: 'NoneType' object has no attribute 'split'
Modul: np_congruency
Funktion: __simple_congruency
Linie: 46
Dateipfad: /Users/christopherchandler/repo/Python/De_NP_Kongru/kongru/api_nlp/congruential_analysis/congruency/np_congruency.py

Zeitpunkt: 2023-08-22 16:00:19,071
Loggername: root
LogLevel: ERROR
Benutzerdefiniert: _
Nachricht: 'NoneType' object has no attribute 'split'
Modul: np_congruency
Funktion: __simple_congruency
Linie: 46
Dateipfad: /Users/christopherchandler/repo/Python/De_NP_Kongru/kongru/api_nlp/congruential_analysis/congruency/np_congruency.py

Zeitpunkt: 2023-08-22 16:00:19,071
Loggername: root
LogLevel: ERROR
Benutzerdefiniert: _
Nachricht: 'NoneType' object has no attribute 'split'
Modul: np_congruency
Funktion: __simple_congruency
Linie: 46
Dateipfad: /Users/christopherchandler/repo/Python/De_NP_Kongru/kongru/api_nlp/congruential_analysis/congruency/np_congruency.py

Zeitpunkt: 2023-08-22 16:00:19,071
Loggername: root
LogLevel: ERROR
Benutzerdefiniert: _
Nachricht: 'NoneType' object has no attribute 'split'
Modul: np_congruency
Funktion: __simple_congruency
Linie: 46
Dateipfad: /Users/christopherchandler/repo/Python/De_NP_Kongru/kongru/api_nlp/congruential_analysis/congruency/np_congruency.py

Zeitpunkt: 2023-08-22 16:00:19,071
Loggername: root
LogLevel: ERROR
Benutzerdefiniert: _
Nachricht: 'NoneType' object has no attribute 'split'
Modul: np_congruency
Funktion: __simple_congruency
Linie: 46
Dateipfad: /Users/christopherchandler/repo/Python/De_NP_Kongru/kongru/api_nlp/congruential_analysis/congruency/np_congruency.py

Zeitpunkt: 2023-08-22 16:00:19,071
Loggername: root
LogLevel: ERROR
Benutzerdefiniert: _
Nachricht: 'NoneType' object has no attribute 'split'
Modul: np_congruency
Funktion: __simple_congruency
Linie: 46
Dateipfad: /Users/christopherchandler/repo/Python/De_NP_Kongru/kongru/api_nlp/congruential_analysis/congruency/np_congruency.py

Zeitpunkt: 2023-08-22 16:00:19,071
Loggername: root
LogLevel: ERROR
Benutzerdefiniert: _
Nachricht: 'NoneType' object has no attribute 'split'
Modul: np_congruency
Funktion: __simple_congruency
Linie: 46
Dateipfad: /Users/christopherchandler/repo/Python/De_NP_Kongru/kongru/api_nlp/congruential_analysis/congruency/np_congruency.py

Zeitpunkt: 2023-08-22 16:00:19,071
Loggername: root
LogLevel: ERROR
Benutzerdefiniert: _
Nachricht: 'NoneType' object has no attribute 'split'
Modul: np_congruency
Funktion: __simple_congruency
Linie: 46
Dateipfad: /Users/christopherchandler/repo/Python/De_NP_Kongru/kongru/api_nlp/congruential_analysis/congruency/np_congruency.py

Zeitpunkt: 2023-08-22 16:00:19,071
Loggername: root
LogLevel: ERROR
Benutzerdefiniert: _
Nachricht: 'NoneType' object has no attribute 'split'
Modul: np_congruency
Funktion: __simple_congruency
Linie: 46
Dateipfad: /Users/christopherchandler/repo/Python/De_NP_Kongru/kongru/api_nlp/congruential_analysis/congruency/np_congruency.py

Zeitpunkt: 2023-08-22 16:00:19,071
Loggername: root
LogLevel: ERROR
Benutzerdefiniert: _
Nachricht: 'NoneType' object has no attribute 'split'
Modul: np_congruency
Funktion: __simple_congruency
Linie: 46
Dateipfad: /Users/christopherchandler/repo/Python/De_NP_Kongru/kongru/api_nlp/congruential_analysis/congruency/np_congruency.py

Zeitpunkt: 2023-08-22 16:00:19,071
Loggername: root
LogLevel: ERROR
Benutzerdefiniert: _
Nachricht: 'NoneType' object has no attribute 'split'
Modul: np_congruency
Funktion: __simple_congruency
Linie: 46
Dateipfad: /Users/christopherchandler/repo/Python/De_NP_Kongru/kongru/api_nlp/congruential_analysis/congruency/np_congruency.py

Zeitpunkt: 2023-08-22 16:00:19,071
Loggername: root
LogLevel: ERROR
Benutzerdefiniert: _
Nachricht: 'NoneType' object has no attribute 'split'
Modul: np_congruency
Funktion: __simple_congruency
Linie: 46
Dateipfad: /Users/christopherchandler/repo/Python/De_NP_Kongru/kongru/api_nlp/congruential_analysis/congruency/np_congruency.py

Zeitpunkt: 2023-08-22 16:00:19,071
Loggername: root
LogLevel: ERROR
Benutzerdefiniert: _
Nachricht: 'NoneType' object has no attribute 'split'
Modul: np_congruency
Funktion: __simple_congruency
Linie: 46
Dateipfad: /Users/christopherchandler/repo/Python/De_NP_Kongru/kongru/api_nlp/congruential_analysis/congruency/np_congruency.py

Zeitpunkt: 2023-08-22 16:00:19,071
Loggername: root
LogLevel: ERROR
Benutzerdefiniert: _
Nachricht: 'NoneType' object has no attribute 'split'
Modul: np_congruency
Funktion: __simple_congruency
Linie: 46
Dateipfad: /Users/christopherchandler/repo/Python/De_NP_Kongru/kongru/api_nlp/congruential_analysis/congruency/np_congruency.py

Zeitpunkt: 2023-08-22 16:00:19,071
Loggername: root
LogLevel: ERROR
Benutzerdefiniert: _
Nachricht: 'NoneType' object has no attribute 'split'
Modul: np_congruency
Funktion: __simple_congruency
Linie: 46
Dateipfad: /Users/christopherchandler/repo/Python/De_NP_Kongru/kongru/api_nlp/congruential_analysis/congruency/np_congruency.py

Zeitpunkt: 2023-08-22 16:00:19,071
Loggername: root
LogLevel: ERROR
Benutzerdefiniert: _
Nachricht: 'NoneType' object has no attribute 'split'
Modul: np_congruency
Funktion: __simple_congruency
Linie: 46
Dateipfad: /Users/christopherchandler/repo/Python/De_NP_Kongru/kongru/api_nlp/congruential_analysis/congruency/np_congruency.py

Zeitpunkt: 2023-08-22 16:00:19,071
Loggername: root
LogLevel: ERROR
Benutzerdefiniert: _
Nachricht: 'NoneType' object has no attribute 'split'
Modul: np_congruency
Funktion: __simple_congruency
Linie: 46
Dateipfad: /Users/christopherchandler/repo/Python/De_NP_Kongru/kongru/api_nlp/congruential_analysis/congruency/np_congruency.py

Zeitpunkt: 2023-08-22 16:00:19,071
Loggername: root
LogLevel: ERROR
Benutzerdefiniert: _
Nachricht: 'NoneType' object has no attribute 'split'
Modul: np_congruency
Funktion: __simple_congruency
Linie: 46
Dateipfad: /Users/christopherchandler/repo/Python/De_NP_Kongru/kongru/api_nlp/congruential_analysis/congruency/np_congruency.py

Zeitpunkt: 2023-08-22 16:00:19,071
Loggername: root
LogLevel: ERROR
Benutzerdefiniert: _
Nachricht: 'NoneType' object has no attribute 'split'
Modul: np_congruency
Funktion: __simple_congruency
Linie: 46
Dateipfad: /Users/christopherchandler/repo/Python/De_NP_Kongru/kongru/api_nlp/congruential_analysis/congruency/np_congruency.py

Zeitpunkt: 2023-08-22 16:00:19,071
Loggername: root
LogLevel: ERROR
Benutzerdefiniert: _
Nachricht: 'NoneType' object has no attribute 'split'
Modul: np_congruency
Funktion: __simple_congruency
Linie: 46
Dateipfad: /Users/christopherchandler/repo/Python/De_NP_Kongru/kongru/api_nlp/congruential_analysis/congruency/np_congruency.py

Zeitpunkt: 2023-08-22 16:00:19,071
Loggername: root
LogLevel: ERROR
Benutzerdefiniert: _
Nachricht: 'NoneType' object has no attribute 'split'
Modul: np_congruency
Funktion: __simple_congruency
Linie: 46
Dateipfad: /Users/christopherchandler/repo/Python/De_NP_Kongru/kongru/api_nlp/congruential_analysis/congruency/np_congruency.py

Zeitpunkt: 2023-08-22 16:00:19,071
Loggername: root
LogLevel: ERROR
Benutzerdefiniert: _
Nachricht: 'NoneType' object has no attribute 'split'
Modul: np_congruency
Funktion: __simple_congruency
Linie: 46
Dateipfad: /Users/christopherchandler/repo/Python/De_NP_Kongru/kongru/api_nlp/congruential_analysis/congruency/np_congruency.py

Zeitpunkt: 2023-08-22 16:00:19,071
Loggername: root
LogLevel: ERROR
Benutzerdefiniert: _
Nachricht: 'NoneType' object has no attribute 'split'
Modul: np_congruency
Funktion: __simple_congruency
Linie: 46
Dateipfad: /Users/christopherchandler/repo/Python/De_NP_Kongru/kongru/api_nlp/congruential_analysis/congruency/np_congruency.py

Zeitpunkt: 2023-08-22 16:00:19,071
Loggername: root
LogLevel: ERROR
Benutzerdefiniert: _
Nachricht: 'NoneType' object has no attribute 'split'
Modul: np_congruency
Funktion: __simple_congruency
Linie: 46
Dateipfad: /Users/christopherchandler/repo/Python/De_NP_Kongru/kongru/api_nlp/congruential_analysis/congruency/np_congruency.py

Zeitpunkt: 2023-08-22 16:00:19,071
Loggername: root
LogLevel: ERROR
Benutzerdefiniert: _
Nachricht: 'NoneType' object has no attribute 'split'
Modul: np_congruency
Funktion: __simple_congruency
Linie: 46
Dateipfad: /Users/christopherchandler/repo/Python/De_NP_Kongru/kongru/api_nlp/congruential_analysis/congruency/np_congruency.py

Zeitpunkt: 2023-08-22 16:00:19,071
Loggername: root
LogLevel: ERROR
Benutzerdefiniert: _
Nachricht: 'NoneType' object has no attribute 'split'
Modul: np_congruency
Funktion: __simple_congruency
Linie: 46
Dateipfad: /Users/christopherchandler/repo/Python/De_NP_Kongru/kongru/api_nlp/congruential_analysis/congruency/np_congruency.py

Zeitpunkt: 2023-08-22 16:00:19,072
Loggername: root
LogLevel: ERROR
Benutzerdefiniert: _
Nachricht: 'NoneType' object has no attribute 'split'
Modul: np_congruency
Funktion: __simple_congruency
Linie: 46
Dateipfad: /Users/christopherchandler/repo/Python/De_NP_Kongru/kongru/api_nlp/congruential_analysis/congruency/np_congruency.py

Zeitpunkt: 2023-08-22 16:00:19,072
Loggername: root
LogLevel: ERROR
Benutzerdefiniert: _
Nachricht: 'NoneType' object has no attribute 'split'
Modul: np_congruency
Funktion: __simple_congruency
Linie: 46
Dateipfad: /Users/christopherchandler/repo/Python/De_NP_Kongru/kongru/api_nlp/congruential_analysis/congruency/np_congruency.py

Zeitpunkt: 2023-08-22 16:00:19,072
Loggername: root
LogLevel: ERROR
Benutzerdefiniert: _
Nachricht: 'NoneType' object has no attribute 'split'
Modul: np_congruency
Funktion: __simple_congruency
Linie: 46
Dateipfad: /Users/christopherchandler/repo/Python/De_NP_Kongru/kongru/api_nlp/congruential_analysis/congruency/np_congruency.py

Zeitpunkt: 2023-08-22 16:00:19,072
Loggername: root
LogLevel: ERROR
Benutzerdefiniert: _
Nachricht: 'NoneType' object has no attribute 'split'
Modul: np_congruency
Funktion: __simple_congruency
Linie: 46
Dateipfad: /Users/christopherchandler/repo/Python/De_NP_Kongru/kongru/api_nlp/congruential_analysis/congruency/np_congruency.py

Zeitpunkt: 2023-08-22 16:00:19,072
Loggername: root
LogLevel: ERROR
Benutzerdefiniert: _
Nachricht: 'NoneType' object has no attribute 'split'
Modul: np_congruency
Funktion: __simple_congruency
Linie: 46
Dateipfad: /Users/christopherchandler/repo/Python/De_NP_Kongru/kongru/api_nlp/congruential_analysis/congruency/np_congruency.py

Zeitpunkt: 2023-08-22 16:00:19,072
Loggername: root
LogLevel: ERROR
Benutzerdefiniert: _
Nachricht: 'NoneType' object has no attribute 'split'
Modul: np_congruency
Funktion: __simple_congruency
Linie: 46
Dateipfad: /Users/christopherchandler/repo/Python/De_NP_Kongru/kongru/api_nlp/congruential_analysis/congruency/np_congruency.py

Zeitpunkt: 2023-08-22 16:13:41,700
Loggername: root
LogLevel: ERROR
Benutzerdefiniert: ___
Nachricht: sequence item 0: expected str instance, NoneType found
Modul: np_congruency
Funktion: __nominal_phrase_congruency
Linie: 54
Dateipfad: /Users/christopherchandler/repo/Python/De_NP_Kongru/kongru/api_nlp/congruential_analysis/congruency/np_congruency.py

Zeitpunkt: 2023-08-22 16:13:41,701
Loggername: root
LogLevel: ERROR
Benutzerdefiniert: ___
Nachricht: sequence item 0: expected str instance, NoneType found
Modul: np_congruency
Funktion: __nominal_phrase_congruency
Linie: 54
Dateipfad: /Users/christopherchandler/repo/Python/De_NP_Kongru/kongru/api_nlp/congruential_analysis/congruency/np_congruency.py

Zeitpunkt: 2023-08-22 16:20:55,485
Loggername: root
LogLevel: ERROR
Benutzerdefiniert: ___
Nachricht: sequence item 0: expected str instance, int found
Modul: np_congruency
Funktion: __nominal_phrase_congruency
Linie: 56
Dateipfad: /Users/christopherchandler/repo/Python/De_NP_Kongru/kongru/api_nlp/congruential_analysis/congruency/np_congruency.py

Zeitpunkt: 2023-08-22 16:20:55,486
Loggername: root
LogLevel: ERROR
Benutzerdefiniert: ___
Nachricht: sequence item 0: expected str instance, int found
Modul: np_congruency
Funktion: __nominal_phrase_congruency
Linie: 56
Dateipfad: /Users/christopherchandler/repo/Python/De_NP_Kongru/kongru/api_nlp/congruential_analysis/congruency/np_congruency.py

Zeitpunkt: 2023-08-22 16:20:55,486
Loggername: root
LogLevel: ERROR
Benutzerdefiniert: ___
Nachricht: sequence item 0: expected str instance, int found
Modul: np_congruency
Funktion: __nominal_phrase_congruency
Linie: 56
Dateipfad: /Users/christopherchandler/repo/Python/De_NP_Kongru/kongru/api_nlp/congruential_analysis/congruency/np_congruency.py

Zeitpunkt: 2023-08-22 16:20:55,486
Loggername: root
LogLevel: ERROR
Benutzerdefiniert: ___
Nachricht: sequence item 0: expected str instance, int found
Modul: np_congruency
Funktion: __nominal_phrase_congruency
Linie: 56
Dateipfad: /Users/christopherchandler/repo/Python/De_NP_Kongru/kongru/api_nlp/congruential_analysis/congruency/np_congruency.py

Zeitpunkt: 2023-08-22 16:20:55,486
Loggername: root
LogLevel: ERROR
Benutzerdefiniert: ___
Nachricht: sequence item 0: expected str instance, int found
Modul: np_congruency
Funktion: __nominal_phrase_congruency
Linie: 56
Dateipfad: /Users/christopherchandler/repo/Python/De_NP_Kongru/kongru/api_nlp/congruential_analysis/congruency/np_congruency.py

Zeitpunkt: 2023-08-22 16:20:55,486
Loggername: root
LogLevel: ERROR
Benutzerdefiniert: ___
Nachricht: sequence item 0: expected str instance, int found
Modul: np_congruency
Funktion: __nominal_phrase_congruency
Linie: 56
Dateipfad: /Users/christopherchandler/repo/Python/De_NP_Kongru/kongru/api_nlp/congruential_analysis/congruency/np_congruency.py

Zeitpunkt: 2023-08-22 16:20:55,486
Loggername: root
LogLevel: ERROR
Benutzerdefiniert: ___
Nachricht: sequence item 0: expected str instance, int found
Modul: np_congruency
Funktion: __nominal_phrase_congruency
Linie: 56
Dateipfad: /Users/christopherchandler/repo/Python/De_NP_Kongru/kongru/api_nlp/congruential_analysis/congruency/np_congruency.py

Zeitpunkt: 2023-08-22 16:20:55,486
Loggername: root
LogLevel: ERROR
Benutzerdefiniert: ___
Nachricht: sequence item 0: expected str instance, int found
Modul: np_congruency
Funktion: __nominal_phrase_congruency
Linie: 56
Dateipfad: /Users/christopherchandler/repo/Python/De_NP_Kongru/kongru/api_nlp/congruential_analysis/congruency/np_congruency.py

Zeitpunkt: 2023-08-22 16:20:55,486
Loggername: root
LogLevel: ERROR
Benutzerdefiniert: ___
Nachricht: sequence item 0: expected str instance, int found
Modul: np_congruency
Funktion: __nominal_phrase_congruency
Linie: 56
Dateipfad: /Users/christopherchandler/repo/Python/De_NP_Kongru/kongru/api_nlp/congruential_analysis/congruency/np_congruency.py

Zeitpunkt: 2023-08-22 16:20:55,486
Loggername: root
LogLevel: ERROR
Benutzerdefiniert: ___
Nachricht: sequence item 0: expected str instance, int found
Modul: np_congruency
Funktion: __nominal_phrase_congruency
Linie: 56
Dateipfad: /Users/christopherchandler/repo/Python/De_NP_Kongru/kongru/api_nlp/congruential_analysis/congruency/np_congruency.py

Zeitpunkt: 2023-08-22 16:20:55,486
Loggername: root
LogLevel: ERROR
Benutzerdefiniert: ___
Nachricht: sequence item 0: expected str instance, int found
Modul: np_congruency
Funktion: __nominal_phrase_congruency
Linie: 56
Dateipfad: /Users/christopherchandler/repo/Python/De_NP_Kongru/kongru/api_nlp/congruential_analysis/congruency/np_congruency.py

Zeitpunkt: 2023-08-22 16:20:55,486
Loggername: root
LogLevel: ERROR
Benutzerdefiniert: ___
Nachricht: sequence item 0: expected str instance, int found
Modul: np_congruency
Funktion: __nominal_phrase_congruency
Linie: 56
Dateipfad: /Users/christopherchandler/repo/Python/De_NP_Kongru/kongru/api_nlp/congruential_analysis/congruency/np_congruency.py

Zeitpunkt: 2023-08-22 16:20:55,486
Loggername: root
LogLevel: ERROR
Benutzerdefiniert: ___
Nachricht: sequence item 0: expected str instance, int found
Modul: np_congruency
Funktion: __nominal_phrase_congruency
Linie: 56
Dateipfad: /Users/christopherchandler/repo/Python/De_NP_Kongru/kongru/api_nlp/congruential_analysis/congruency/np_congruency.py

Zeitpunkt: 2023-08-22 16:20:55,486
Loggername: root
LogLevel: ERROR
Benutzerdefiniert: ___
Nachricht: sequence item 0: expected str instance, int found
Modul: np_congruency
Funktion: __nominal_phrase_congruency
Linie: 56
Dateipfad: /Users/christopherchandler/repo/Python/De_NP_Kongru/kongru/api_nlp/congruential_analysis/congruency/np_congruency.py

Zeitpunkt: 2023-08-22 16:20:55,486
Loggername: root
LogLevel: ERROR
Benutzerdefiniert: ___
Nachricht: sequence item 0: expected str instance, int found
Modul: np_congruency
Funktion: __nominal_phrase_congruency
Linie: 56
Dateipfad: /Users/christopherchandler/repo/Python/De_NP_Kongru/kongru/api_nlp/congruential_analysis/congruency/np_congruency.py

Zeitpunkt: 2023-08-22 16:20:55,486
Loggername: root
LogLevel: ERROR
Benutzerdefiniert: ___
Nachricht: sequence item 0: expected str instance, int found
Modul: np_congruency
Funktion: __nominal_phrase_congruency
Linie: 56
Dateipfad: /Users/christopherchandler/repo/Python/De_NP_Kongru/kongru/api_nlp/congruential_analysis/congruency/np_congruency.py

Zeitpunkt: 2023-08-22 16:20:55,486
Loggername: root
LogLevel: ERROR
Benutzerdefiniert: ___
Nachricht: sequence item 0: expected str instance, int found
Modul: np_congruency
Funktion: __nominal_phrase_congruency
Linie: 56
Dateipfad: /Users/christopherchandler/repo/Python/De_NP_Kongru/kongru/api_nlp/congruential_analysis/congruency/np_congruency.py

Zeitpunkt: 2023-08-22 16:20:55,486
Loggername: root
LogLevel: ERROR
Benutzerdefiniert: ___
Nachricht: sequence item 0: expected str instance, int found
Modul: np_congruency
Funktion: __nominal_phrase_congruency
Linie: 56
Dateipfad: /Users/christopherchandler/repo/Python/De_NP_Kongru/kongru/api_nlp/congruential_analysis/congruency/np_congruency.py

Zeitpunkt: 2023-08-22 16:20:55,486
Loggername: root
LogLevel: ERROR
Benutzerdefiniert: ___
Nachricht: sequence item 0: expected str instance, int found
Modul: np_congruency
Funktion: __nominal_phrase_congruency
Linie: 56
Dateipfad: /Users/christopherchandler/repo/Python/De_NP_Kongru/kongru/api_nlp/congruential_analysis/congruency/np_congruency.py

Zeitpunkt: 2023-08-22 16:20:55,486
Loggername: root
LogLevel: ERROR
Benutzerdefiniert: ___
Nachricht: sequence item 0: expected str instance, int found
Modul: np_congruency
Funktion: __nominal_phrase_congruency
Linie: 56
Dateipfad: /Users/christopherchandler/repo/Python/De_NP_Kongru/kongru/api_nlp/congruential_analysis/congruency/np_congruency.py

Zeitpunkt: 2023-08-22 16:20:55,486
Loggername: root
LogLevel: ERROR
Benutzerdefiniert: ___
Nachricht: sequence item 0: expected str instance, int found
Modul: np_congruency
Funktion: __nominal_phrase_congruency
Linie: 56
Dateipfad: /Users/christopherchandler/repo/Python/De_NP_Kongru/kongru/api_nlp/congruential_analysis/congruency/np_congruency.py

Zeitpunkt: 2023-08-22 16:20:55,486
Loggername: root
LogLevel: ERROR
Benutzerdefiniert: ___
Nachricht: sequence item 0: expected str instance, int found
Modul: np_congruency
Funktion: __nominal_phrase_congruency
Linie: 56
Dateipfad: /Users/christopherchandler/repo/Python/De_NP_Kongru/kongru/api_nlp/congruential_analysis/congruency/np_congruency.py

Zeitpunkt: 2023-08-22 16:20:55,486
Loggername: root
LogLevel: ERROR
Benutzerdefiniert: ___
Nachricht: sequence item 0: expected str instance, int found
Modul: np_congruency
Funktion: __nominal_phrase_congruency
Linie: 56
Dateipfad: /Users/christopherchandler/repo/Python/De_NP_Kongru/kongru/api_nlp/congruential_analysis/congruency/np_congruency.py

Zeitpunkt: 2023-08-22 16:20:55,486
Loggername: root
LogLevel: ERROR
Benutzerdefiniert: ___
Nachricht: sequence item 0: expected str instance, int found
Modul: np_congruency
Funktion: __nominal_phrase_congruency
Linie: 56
Dateipfad: /Users/christopherchandler/repo/Python/De_NP_Kongru/kongru/api_nlp/congruential_analysis/congruency/np_congruency.py

Zeitpunkt: 2023-08-22 16:20:55,486
Loggername: root
LogLevel: ERROR
Benutzerdefiniert: ___
Nachricht: sequence item 0: expected str instance, int found
Modul: np_congruency
Funktion: __nominal_phrase_congruency
Linie: 56
Dateipfad: /Users/christopherchandler/repo/Python/De_NP_Kongru/kongru/api_nlp/congruential_analysis/congruency/np_congruency.py

Zeitpunkt: 2023-08-22 16:20:55,486
Loggername: root
LogLevel: ERROR
Benutzerdefiniert: ___
Nachricht: sequence item 0: expected str instance, int found
Modul: np_congruency
Funktion: __nominal_phrase_congruency
Linie: 56
Dateipfad: /Users/christopherchandler/repo/Python/De_NP_Kongru/kongru/api_nlp/congruential_analysis/congruency/np_congruency.py

Zeitpunkt: 2023-08-22 16:20:55,486
Loggername: root
LogLevel: ERROR
Benutzerdefiniert: ___
Nachricht: sequence item 0: expected str instance, int found
Modul: np_congruency
Funktion: __nominal_phrase_congruency
Linie: 56
Dateipfad: /Users/christopherchandler/repo/Python/De_NP_Kongru/kongru/api_nlp/congruential_analysis/congruency/np_congruency.py

Zeitpunkt: 2023-08-22 16:20:55,486
Loggername: root
LogLevel: ERROR
Benutzerdefiniert: ___
Nachricht: sequence item 0: expected str instance, int found
Modul: np_congruency
Funktion: __nominal_phrase_congruency
Linie: 56
Dateipfad: /Users/christopherchandler/repo/Python/De_NP_Kongru/kongru/api_nlp/congruential_analysis/congruency/np_congruency.py

Zeitpunkt: 2023-08-22 16:20:55,487
Loggername: root
LogLevel: ERROR
Benutzerdefiniert: ___
Nachricht: sequence item 0: expected str instance, int found
Modul: np_congruency
Funktion: __nominal_phrase_congruency
Linie: 56
Dateipfad: /Users/christopherchandler/repo/Python/De_NP_Kongru/kongru/api_nlp/congruential_analysis/congruency/np_congruency.py

Zeitpunkt: 2023-08-22 16:20:55,487
Loggername: root
LogLevel: ERROR
Benutzerdefiniert: ___
Nachricht: sequence item 0: expected str instance, int found
Modul: np_congruency
Funktion: __nominal_phrase_congruency
Linie: 56
Dateipfad: /Users/christopherchandler/repo/Python/De_NP_Kongru/kongru/api_nlp/congruential_analysis/congruency/np_congruency.py

Zeitpunkt: 2023-08-22 16:20:55,487
Loggername: root
LogLevel: ERROR
Benutzerdefiniert: ___
Nachricht: sequence item 0: expected str instance, int found
Modul: np_congruency
Funktion: __nominal_phrase_congruency
Linie: 56
Dateipfad: /Users/christopherchandler/repo/Python/De_NP_Kongru/kongru/api_nlp/congruential_analysis/congruency/np_congruency.py

Zeitpunkt: 2023-08-22 16:20:55,487
Loggername: root
LogLevel: ERROR
Benutzerdefiniert: ___
Nachricht: sequence item 0: expected str instance, int found
Modul: np_congruency
Funktion: __nominal_phrase_congruency
Linie: 56
Dateipfad: /Users/christopherchandler/repo/Python/De_NP_Kongru/kongru/api_nlp/congruential_analysis/congruency/np_congruency.py

Zeitpunkt: 2023-08-22 16:20:55,487
Loggername: root
LogLevel: ERROR
Benutzerdefiniert: ___
Nachricht: sequence item 0: expected str instance, int found
Modul: np_congruency
Funktion: __nominal_phrase_congruency
Linie: 56
Dateipfad: /Users/christopherchandler/repo/Python/De_NP_Kongru/kongru/api_nlp/congruential_analysis/congruency/np_congruency.py

Zeitpunkt: 2023-08-22 16:20:55,487
Loggername: root
LogLevel: ERROR
Benutzerdefiniert: ___
Nachricht: sequence item 0: expected str instance, int found
Modul: np_congruency
Funktion: __nominal_phrase_congruency
Linie: 56
Dateipfad: /Users/christopherchandler/repo/Python/De_NP_Kongru/kongru/api_nlp/congruential_analysis/congruency/np_congruency.py

Zeitpunkt: 2023-08-22 16:20:55,487
Loggername: root
LogLevel: ERROR
Benutzerdefiniert: ___
Nachricht: sequence item 0: expected str instance, int found
Modul: np_congruency
Funktion: __nominal_phrase_congruency
Linie: 56
Dateipfad: /Users/christopherchandler/repo/Python/De_NP_Kongru/kongru/api_nlp/congruential_analysis/congruency/np_congruency.py

Zeitpunkt: 2023-08-22 16:20:55,487
Loggername: root
LogLevel: ERROR
Benutzerdefiniert: ___
Nachricht: sequence item 0: expected str instance, int found
Modul: np_congruency
Funktion: __nominal_phrase_congruency
Linie: 56
Dateipfad: /Users/christopherchandler/repo/Python/De_NP_Kongru/kongru/api_nlp/congruential_analysis/congruency/np_congruency.py

Zeitpunkt: 2023-08-22 16:20:55,487
Loggername: root
LogLevel: ERROR
Benutzerdefiniert: ___
Nachricht: sequence item 0: expected str instance, int found
Modul: np_congruency
Funktion: __nominal_phrase_congruency
Linie: 56
Dateipfad: /Users/christopherchandler/repo/Python/De_NP_Kongru/kongru/api_nlp/congruential_analysis/congruency/np_congruency.py

Zeitpunkt: 2023-08-22 16:20:55,487
Loggername: root
LogLevel: ERROR
Benutzerdefiniert: ___
Nachricht: sequence item 0: expected str instance, int found
Modul: np_congruency
Funktion: __nominal_phrase_congruency
Linie: 56
Dateipfad: /Users/christopherchandler/repo/Python/De_NP_Kongru/kongru/api_nlp/congruential_analysis/congruency/np_congruency.py

Zeitpunkt: 2023-08-22 16:20:55,487
Loggername: root
LogLevel: ERROR
Benutzerdefiniert: ___
Nachricht: sequence item 0: expected str instance, int found
Modul: np_congruency
Funktion: __nominal_phrase_congruency
Linie: 56
Dateipfad: /Users/christopherchandler/repo/Python/De_NP_Kongru/kongru/api_nlp/congruential_analysis/congruency/np_congruency.py

Zeitpunkt: 2023-08-22 16:20:55,487
Loggername: root
LogLevel: ERROR
Benutzerdefiniert: ___
Nachricht: sequence item 0: expected str instance, int found
Modul: np_congruency
Funktion: __nominal_phrase_congruency
Linie: 56
Dateipfad: /Users/christopherchandler/repo/Python/De_NP_Kongru/kongru/api_nlp/congruential_analysis/congruency/np_congruency.py

Zeitpunkt: 2023-08-22 16:20:55,487
Loggername: root
LogLevel: ERROR
Benutzerdefiniert: ___
Nachricht: sequence item 0: expected str instance, int found
Modul: np_congruency
Funktion: __nominal_phrase_congruency
Linie: 56
Dateipfad: /Users/christopherchandler/repo/Python/De_NP_Kongru/kongru/api_nlp/congruential_analysis/congruency/np_congruency.py

Zeitpunkt: 2023-08-22 16:20:55,487
Loggername: root
LogLevel: ERROR
Benutzerdefiniert: ___
Nachricht: sequence item 0: expected str instance, int found
Modul: np_congruency
Funktion: __nominal_phrase_congruency
Linie: 56
Dateipfad: /Users/christopherchandler/repo/Python/De_NP_Kongru/kongru/api_nlp/congruential_analysis/congruency/np_congruency.py

Zeitpunkt: 2023-08-22 16:20:55,487
Loggername: root
LogLevel: ERROR
Benutzerdefiniert: ___
Nachricht: sequence item 0: expected str instance, int found
Modul: np_congruency
Funktion: __nominal_phrase_congruency
Linie: 56
Dateipfad: /Users/christopherchandler/repo/Python/De_NP_Kongru/kongru/api_nlp/congruential_analysis/congruency/np_congruency.py

Zeitpunkt: 2023-08-22 16:20:55,487
Loggername: root
LogLevel: ERROR
Benutzerdefiniert: ___
Nachricht: sequence item 0: expected str instance, int found
Modul: np_congruency
Funktion: __nominal_phrase_congruency
Linie: 56
Dateipfad: /Users/christopherchandler/repo/Python/De_NP_Kongru/kongru/api_nlp/congruential_analysis/congruency/np_congruency.py

Zeitpunkt: 2023-08-22 16:20:55,487
Loggername: root
LogLevel: ERROR
Benutzerdefiniert: ___
Nachricht: sequence item 0: expected str instance, int found
Modul: np_congruency
Funktion: __nominal_phrase_congruency
Linie: 56
Dateipfad: /Users/christopherchandler/repo/Python/De_NP_Kongru/kongru/api_nlp/congruential_analysis/congruency/np_congruency.py

Zeitpunkt: 2023-08-22 16:20:55,487
Loggername: root
LogLevel: ERROR
Benutzerdefiniert: ___
Nachricht: sequence item 0: expected str instance, int found
Modul: np_congruency
Funktion: __nominal_phrase_congruency
Linie: 56
Dateipfad: /Users/christopherchandler/repo/Python/De_NP_Kongru/kongru/api_nlp/congruential_analysis/congruency/np_congruency.py

Zeitpunkt: 2023-08-22 16:20:55,487
Loggername: root
LogLevel: ERROR
Benutzerdefiniert: ___
Nachricht: sequence item 0: expected str instance, int found
Modul: np_congruency
Funktion: __nominal_phrase_congruency
Linie: 56
Dateipfad: /Users/christopherchandler/repo/Python/De_NP_Kongru/kongru/api_nlp/congruential_analysis/congruency/np_congruency.py

Zeitpunkt: 2023-08-22 16:20:55,487
Loggername: root
LogLevel: ERROR
Benutzerdefiniert: ___
Nachricht: sequence item 0: expected str instance, int found
Modul: np_congruency
Funktion: __nominal_phrase_congruency
Linie: 56
Dateipfad: /Users/christopherchandler/repo/Python/De_NP_Kongru/kongru/api_nlp/congruential_analysis/congruency/np_congruency.py

Zeitpunkt: 2023-08-22 16:20:55,487
Loggername: root
LogLevel: ERROR
Benutzerdefiniert: ___
Nachricht: sequence item 0: expected str instance, int found
Modul: np_congruency
Funktion: __nominal_phrase_congruency
Linie: 56
Dateipfad: /Users/christopherchandler/repo/Python/De_NP_Kongru/kongru/api_nlp/congruential_analysis/congruency/np_congruency.py

Zeitpunkt: 2023-08-22 16:20:55,487
Loggername: root
LogLevel: ERROR
Benutzerdefiniert: ___
Nachricht: sequence item 0: expected str instance, int found
Modul: np_congruency
Funktion: __nominal_phrase_congruency
Linie: 56
Dateipfad: /Users/christopherchandler/repo/Python/De_NP_Kongru/kongru/api_nlp/congruential_analysis/congruency/np_congruency.py

Zeitpunkt: 2023-08-22 16:20:55,487
Loggername: root
LogLevel: ERROR
Benutzerdefiniert: ___
Nachricht: sequence item 0: expected str instance, int found
Modul: np_congruency
Funktion: __nominal_phrase_congruency
Linie: 56
Dateipfad: /Users/christopherchandler/repo/Python/De_NP_Kongru/kongru/api_nlp/congruential_analysis/congruency/np_congruency.py

Zeitpunkt: 2023-08-22 16:20:55,487
Loggername: root
LogLevel: ERROR
Benutzerdefiniert: ___
Nachricht: sequence item 0: expected str instance, int found
Modul: np_congruency
Funktion: __nominal_phrase_congruency
Linie: 56
Dateipfad: /Users/christopherchandler/repo/Python/De_NP_Kongru/kongru/api_nlp/congruential_analysis/congruency/np_congruency.py

Zeitpunkt: 2023-08-22 16:20:55,487
Loggername: root
LogLevel: ERROR
Benutzerdefiniert: ___
Nachricht: sequence item 0: expected str instance, int found
Modul: np_congruency
Funktion: __nominal_phrase_congruency
Linie: 56
Dateipfad: /Users/christopherchandler/repo/Python/De_NP_Kongru/kongru/api_nlp/congruential_analysis/congruency/np_congruency.py

Zeitpunkt: 2023-08-22 16:20:55,487
Loggername: root
LogLevel: ERROR
Benutzerdefiniert: ___
Nachricht: sequence item 0: expected str instance, int found
Modul: np_congruency
Funktion: __nominal_phrase_congruency
Linie: 56
Dateipfad: /Users/christopherchandler/repo/Python/De_NP_Kongru/kongru/api_nlp/congruential_analysis/congruency/np_congruency.py

Zeitpunkt: 2023-08-22 16:20:55,487
Loggername: root
LogLevel: ERROR
Benutzerdefiniert: ___
Nachricht: sequence item 0: expected str instance, int found
Modul: np_congruency
Funktion: __nominal_phrase_congruency
Linie: 56
Dateipfad: /Users/christopherchandler/repo/Python/De_NP_Kongru/kongru/api_nlp/congruential_analysis/congruency/np_congruency.py

Zeitpunkt: 2023-08-22 16:20:55,487
Loggername: root
LogLevel: ERROR
Benutzerdefiniert: ___
Nachricht: sequence item 0: expected str instance, int found
Modul: np_congruency
Funktion: __nominal_phrase_congruency
Linie: 56
Dateipfad: /Users/christopherchandler/repo/Python/De_NP_Kongru/kongru/api_nlp/congruential_analysis/congruency/np_congruency.py

Zeitpunkt: 2023-08-22 16:20:55,487
Loggername: root
LogLevel: ERROR
Benutzerdefiniert: ___
Nachricht: sequence item 0: expected str instance, int found
Modul: np_congruency
Funktion: __nominal_phrase_congruency
Linie: 56
Dateipfad: /Users/christopherchandler/repo/Python/De_NP_Kongru/kongru/api_nlp/congruential_analysis/congruency/np_congruency.py

Zeitpunkt: 2023-08-22 16:20:55,488
Loggername: root
LogLevel: ERROR
Benutzerdefiniert: ___
Nachricht: sequence item 0: expected str instance, int found
Modul: np_congruency
Funktion: __nominal_phrase_congruency
Linie: 56
Dateipfad: /Users/christopherchandler/repo/Python/De_NP_Kongru/kongru/api_nlp/congruential_analysis/congruency/np_congruency.py

Zeitpunkt: 2023-08-22 16:20:55,488
Loggername: root
LogLevel: ERROR
Benutzerdefiniert: ___
Nachricht: sequence item 0: expected str instance, int found
Modul: np_congruency
Funktion: __nominal_phrase_congruency
Linie: 56
Dateipfad: /Users/christopherchandler/repo/Python/De_NP_Kongru/kongru/api_nlp/congruential_analysis/congruency/np_congruency.py

Zeitpunkt: 2023-08-22 16:20:55,488
Loggername: root
LogLevel: ERROR
Benutzerdefiniert: ___
Nachricht: sequence item 0: expected str instance, int found
Modul: np_congruency
Funktion: __nominal_phrase_congruency
Linie: 56
Dateipfad: /Users/christopherchandler/repo/Python/De_NP_Kongru/kongru/api_nlp/congruential_analysis/congruency/np_congruency.py

Zeitpunkt: 2023-08-22 16:20:55,488
Loggername: root
LogLevel: ERROR
Benutzerdefiniert: ___
Nachricht: sequence item 0: expected str instance, int found
Modul: np_congruency
Funktion: __nominal_phrase_congruency
Linie: 56
Dateipfad: /Users/christopherchandler/repo/Python/De_NP_Kongru/kongru/api_nlp/congruential_analysis/congruency/np_congruency.py

Zeitpunkt: 2023-08-22 16:20:55,488
Loggername: root
LogLevel: ERROR
Benutzerdefiniert: ___
Nachricht: sequence item 0: expected str instance, int found
Modul: np_congruency
Funktion: __nominal_phrase_congruency
Linie: 56
Dateipfad: /Users/christopherchandler/repo/Python/De_NP_Kongru/kongru/api_nlp/congruential_analysis/congruency/np_congruency.py

Zeitpunkt: 2023-08-22 16:20:55,488
Loggername: root
LogLevel: ERROR
Benutzerdefiniert: ___
Nachricht: sequence item 0: expected str instance, int found
Modul: np_congruency
Funktion: __nominal_phrase_congruency
Linie: 56
Dateipfad: /Users/christopherchandler/repo/Python/De_NP_Kongru/kongru/api_nlp/congruential_analysis/congruency/np_congruency.py

Zeitpunkt: 2023-08-22 16:20:55,488
Loggername: root
LogLevel: ERROR
Benutzerdefiniert: ___
Nachricht: sequence item 0: expected str instance, int found
Modul: np_congruency
Funktion: __nominal_phrase_congruency
Linie: 56
Dateipfad: /Users/christopherchandler/repo/Python/De_NP_Kongru/kongru/api_nlp/congruential_analysis/congruency/np_congruency.py

Zeitpunkt: 2023-08-22 16:20:55,488
Loggername: root
LogLevel: ERROR
Benutzerdefiniert: ___
Nachricht: sequence item 0: expected str instance, int found
Modul: np_congruency
Funktion: __nominal_phrase_congruency
Linie: 56
Dateipfad: /Users/christopherchandler/repo/Python/De_NP_Kongru/kongru/api_nlp/congruential_analysis/congruency/np_congruency.py

Zeitpunkt: 2023-08-22 16:20:55,488
Loggername: root
LogLevel: ERROR
Benutzerdefiniert: ___
Nachricht: sequence item 0: expected str instance, int found
Modul: np_congruency
Funktion: __nominal_phrase_congruency
Linie: 56
Dateipfad: /Users/christopherchandler/repo/Python/De_NP_Kongru/kongru/api_nlp/congruential_analysis/congruency/np_congruency.py

Zeitpunkt: 2023-08-22 16:20:55,488
Loggername: root
LogLevel: ERROR
Benutzerdefiniert: ___
Nachricht: sequence item 0: expected str instance, int found
Modul: np_congruency
Funktion: __nominal_phrase_congruency
Linie: 56
Dateipfad: /Users/christopherchandler/repo/Python/De_NP_Kongru/kongru/api_nlp/congruential_analysis/congruency/np_congruency.py

Zeitpunkt: 2023-08-22 16:20:55,488
Loggername: root
LogLevel: ERROR
Benutzerdefiniert: ___
Nachricht: sequence item 0: expected str instance, int found
Modul: np_congruency
Funktion: __nominal_phrase_congruency
Linie: 56
Dateipfad: /Users/christopherchandler/repo/Python/De_NP_Kongru/kongru/api_nlp/congruential_analysis/congruency/np_congruency.py

Zeitpunkt: 2023-08-22 16:20:55,488
Loggername: root
LogLevel: ERROR
Benutzerdefiniert: ___
Nachricht: sequence item 0: expected str instance, int found
Modul: np_congruency
Funktion: __nominal_phrase_congruency
Linie: 56
Dateipfad: /Users/christopherchandler/repo/Python/De_NP_Kongru/kongru/api_nlp/congruential_analysis/congruency/np_congruency.py

Zeitpunkt: 2023-08-22 16:20:55,488
Loggername: root
LogLevel: ERROR
Benutzerdefiniert: ___
Nachricht: sequence item 0: expected str instance, int found
Modul: np_congruency
Funktion: __nominal_phrase_congruency
Linie: 56
Dateipfad: /Users/christopherchandler/repo/Python/De_NP_Kongru/kongru/api_nlp/congruential_analysis/congruency/np_congruency.py

Zeitpunkt: 2023-08-22 16:20:55,488
Loggername: root
LogLevel: ERROR
Benutzerdefiniert: ___
Nachricht: sequence item 0: expected str instance, int found
Modul: np_congruency
Funktion: __nominal_phrase_congruency
Linie: 56
Dateipfad: /Users/christopherchandler/repo/Python/De_NP_Kongru/kongru/api_nlp/congruential_analysis/congruency/np_congruency.py

Zeitpunkt: 2023-08-22 16:20:55,488
Loggername: root
LogLevel: ERROR
Benutzerdefiniert: ___
Nachricht: sequence item 0: expected str instance, int found
Modul: np_congruency
Funktion: __nominal_phrase_congruency
Linie: 56
Dateipfad: /Users/christopherchandler/repo/Python/De_NP_Kongru/kongru/api_nlp/congruential_analysis/congruency/np_congruency.py

Zeitpunkt: 2023-08-22 16:20:55,488
Loggername: root
LogLevel: ERROR
Benutzerdefiniert: ___
Nachricht: sequence item 0: expected str instance, int found
Modul: np_congruency
Funktion: __nominal_phrase_congruency
Linie: 56
Dateipfad: /Users/christopherchandler/repo/Python/De_NP_Kongru/kongru/api_nlp/congruential_analysis/congruency/np_congruency.py

Zeitpunkt: 2023-08-22 16:20:55,488
Loggername: root
LogLevel: ERROR
Benutzerdefiniert: ___
Nachricht: sequence item 0: expected str instance, int found
Modul: np_congruency
Funktion: __nominal_phrase_congruency
Linie: 56
Dateipfad: /Users/christopherchandler/repo/Python/De_NP_Kongru/kongru/api_nlp/congruential_analysis/congruency/np_congruency.py

Zeitpunkt: 2023-08-22 16:20:55,488
Loggername: root
LogLevel: ERROR
Benutzerdefiniert: ___
Nachricht: sequence item 0: expected str instance, int found
Modul: np_congruency
Funktion: __nominal_phrase_congruency
Linie: 56
Dateipfad: /Users/christopherchandler/repo/Python/De_NP_Kongru/kongru/api_nlp/congruential_analysis/congruency/np_congruency.py

Zeitpunkt: 2023-08-22 16:20:55,488
Loggername: root
LogLevel: ERROR
Benutzerdefiniert: ___
Nachricht: sequence item 0: expected str instance, int found
Modul: np_congruency
Funktion: __nominal_phrase_congruency
Linie: 56
Dateipfad: /Users/christopherchandler/repo/Python/De_NP_Kongru/kongru/api_nlp/congruential_analysis/congruency/np_congruency.py

Zeitpunkt: 2023-08-22 16:20:55,488
Loggername: root
LogLevel: ERROR
Benutzerdefiniert: ___
Nachricht: sequence item 0: expected str instance, int found
Modul: np_congruency
Funktion: __nominal_phrase_congruency
Linie: 56
Dateipfad: /Users/christopherchandler/repo/Python/De_NP_Kongru/kongru/api_nlp/congruential_analysis/congruency/np_congruency.py

Zeitpunkt: 2023-08-22 16:20:55,488
Loggername: root
LogLevel: ERROR
Benutzerdefiniert: ___
Nachricht: sequence item 0: expected str instance, int found
Modul: np_congruency
Funktion: __nominal_phrase_congruency
Linie: 56
Dateipfad: /Users/christopherchandler/repo/Python/De_NP_Kongru/kongru/api_nlp/congruential_analysis/congruency/np_congruency.py

Zeitpunkt: 2023-08-22 16:20:55,488
Loggername: root
LogLevel: ERROR
Benutzerdefiniert: ___
Nachricht: sequence item 0: expected str instance, int found
Modul: np_congruency
Funktion: __nominal_phrase_congruency
Linie: 56
Dateipfad: /Users/christopherchandler/repo/Python/De_NP_Kongru/kongru/api_nlp/congruential_analysis/congruency/np_congruency.py

Zeitpunkt: 2023-08-22 16:20:55,488
Loggername: root
LogLevel: ERROR
Benutzerdefiniert: ___
Nachricht: sequence item 0: expected str instance, int found
Modul: np_congruency
Funktion: __nominal_phrase_congruency
Linie: 56
Dateipfad: /Users/christopherchandler/repo/Python/De_NP_Kongru/kongru/api_nlp/congruential_analysis/congruency/np_congruency.py

Zeitpunkt: 2023-08-22 16:20:55,488
Loggername: root
LogLevel: ERROR
Benutzerdefiniert: ___
Nachricht: sequence item 0: expected str instance, int found
Modul: np_congruency
Funktion: __nominal_phrase_congruency
Linie: 56
Dateipfad: /Users/christopherchandler/repo/Python/De_NP_Kongru/kongru/api_nlp/congruential_analysis/congruency/np_congruency.py

Zeitpunkt: 2023-08-22 16:20:55,488
Loggername: root
LogLevel: ERROR
Benutzerdefiniert: ___
Nachricht: sequence item 0: expected str instance, int found
Modul: np_congruency
Funktion: __nominal_phrase_congruency
Linie: 56
Dateipfad: /Users/christopherchandler/repo/Python/De_NP_Kongru/kongru/api_nlp/congruential_analysis/congruency/np_congruency.py

Zeitpunkt: 2023-08-22 16:20:55,488
Loggername: root
LogLevel: ERROR
Benutzerdefiniert: ___
Nachricht: sequence item 0: expected str instance, int found
Modul: np_congruency
Funktion: __nominal_phrase_congruency
Linie: 56
Dateipfad: /Users/christopherchandler/repo/Python/De_NP_Kongru/kongru/api_nlp/congruential_analysis/congruency/np_congruency.py

Zeitpunkt: 2023-08-22 16:20:55,488
Loggername: root
LogLevel: ERROR
Benutzerdefiniert: ___
Nachricht: sequence item 0: expected str instance, int found
Modul: np_congruency
Funktion: __nominal_phrase_congruency
Linie: 56
Dateipfad: /Users/christopherchandler/repo/Python/De_NP_Kongru/kongru/api_nlp/congruential_analysis/congruency/np_congruency.py

Zeitpunkt: 2023-08-22 17:58:35,946
Loggername: root
LogLevel: ERROR
Benutzerdefiniert: ___
Nachricht: object.__init__() takes exactly one argument (the instance to initialize)
Modul: np_congruency
Funktion: nominal_congruency_check
Linie: 75
Dateipfad: /Users/christopherchandler/repo/Python/De_NP_Kongru/kongru/api_nlp/congruential_analysis/congruency/np_congruency.py

Zeitpunkt: 2023-08-22 17:58:35,946
Loggername: root
LogLevel: ERROR
Benutzerdefiniert: ___
Nachricht: object.__init__() takes exactly one argument (the instance to initialize)
Modul: np_congruency
Funktion: nominal_congruency_check
Linie: 75
Dateipfad: /Users/christopherchandler/repo/Python/De_NP_Kongru/kongru/api_nlp/congruential_analysis/congruency/np_congruency.py

Zeitpunkt: 2023-08-22 17:58:35,946
Loggername: root
LogLevel: ERROR
Benutzerdefiniert: ___
Nachricht: object.__init__() takes exactly one argument (the instance to initialize)
Modul: np_congruency
Funktion: nominal_congruency_check
Linie: 75
Dateipfad: /Users/christopherchandler/repo/Python/De_NP_Kongru/kongru/api_nlp/congruential_analysis/congruency/np_congruency.py

Zeitpunkt: 2023-08-22 17:58:35,946
Loggername: root
LogLevel: ERROR
Benutzerdefiniert: ___
Nachricht: object.__init__() takes exactly one argument (the instance to initialize)
Modul: np_congruency
Funktion: nominal_congruency_check
Linie: 75
Dateipfad: /Users/christopherchandler/repo/Python/De_NP_Kongru/kongru/api_nlp/congruential_analysis/congruency/np_congruency.py

Zeitpunkt: 2023-08-22 18:05:39,209
Loggername: root
LogLevel: ERROR
Benutzerdefiniert: ___
Nachricht: SuffixAnalyzer.analyze_by_suffix() takes 1 positional argument but 2 were given
Modul: np_congruency
Funktion: nominal_congruency_check
Linie: 72
Dateipfad: /Users/christopherchandler/repo/Python/De_NP_Kongru/kongru/api_nlp/congruential_analysis/congruency/np_congruency.py

Zeitpunkt: 2023-08-22 18:05:39,210
Loggername: root
LogLevel: ERROR
Benutzerdefiniert: ___
Nachricht: SuffixAnalyzer.analyze_by_suffix() takes 1 positional argument but 2 were given
Modul: np_congruency
Funktion: nominal_congruency_check
Linie: 72
Dateipfad: /Users/christopherchandler/repo/Python/De_NP_Kongru/kongru/api_nlp/congruential_analysis/congruency/np_congruency.py

Zeitpunkt: 2023-08-22 18:05:39,210
Loggername: root
LogLevel: ERROR
Benutzerdefiniert: ___
Nachricht: SuffixAnalyzer.analyze_by_suffix() takes 1 positional argument but 2 were given
Modul: np_congruency
Funktion: nominal_congruency_check
Linie: 72
Dateipfad: /Users/christopherchandler/repo/Python/De_NP_Kongru/kongru/api_nlp/congruential_analysis/congruency/np_congruency.py

Zeitpunkt: 2023-08-22 18:05:39,210
Loggername: root
LogLevel: ERROR
Benutzerdefiniert: ___
Nachricht: SuffixAnalyzer.analyze_by_suffix() takes 1 positional argument but 2 were given
Modul: np_congruency
Funktion: nominal_congruency_check
Linie: 72
Dateipfad: /Users/christopherchandler/repo/Python/De_NP_Kongru/kongru/api_nlp/congruential_analysis/congruency/np_congruency.py

Zeitpunkt: 2023-08-22 18:09:24,141
Loggername: root
LogLevel: ERROR
Benutzerdefiniert: ___
Nachricht: SuffixAnalyzer.analyze_by_suffix() takes 1 positional argument but 2 were given
Modul: np_congruency
Funktion: nominal_congruency_check
Linie: 72
Dateipfad: /Users/christopherchandler/repo/Python/De_NP_Kongru/kongru/api_nlp/congruential_analysis/congruency/np_congruency.py

Zeitpunkt: 2023-08-22 18:09:24,142
Loggername: root
LogLevel: ERROR
Benutzerdefiniert: ___
Nachricht: SuffixAnalyzer.analyze_by_suffix() takes 1 positional argument but 2 were given
Modul: np_congruency
Funktion: nominal_congruency_check
Linie: 72
Dateipfad: /Users/christopherchandler/repo/Python/De_NP_Kongru/kongru/api_nlp/congruential_analysis/congruency/np_congruency.py

Zeitpunkt: 2023-08-22 18:09:24,142
Loggername: root
LogLevel: ERROR
Benutzerdefiniert: ___
Nachricht: SuffixAnalyzer.analyze_by_suffix() takes 1 positional argument but 2 were given
Modul: np_congruency
Funktion: nominal_congruency_check
Linie: 72
Dateipfad: /Users/christopherchandler/repo/Python/De_NP_Kongru/kongru/api_nlp/congruential_analysis/congruency/np_congruency.py

Zeitpunkt: 2023-08-22 18:09:24,142
Loggername: root
LogLevel: ERROR
Benutzerdefiniert: ___
Nachricht: SuffixAnalyzer.analyze_by_suffix() takes 1 positional argument but 2 were given
Modul: np_congruency
Funktion: nominal_congruency_check
Linie: 72
Dateipfad: /Users/christopherchandler/repo/Python/De_NP_Kongru/kongru/api_nlp/congruential_analysis/congruency/np_congruency.py

Zeitpunkt: 2023-08-22 22:58:26,110
Loggername: root
LogLevel: ERROR
Benutzerdefiniert: ___
Nachricht: 'NoneType' object is not callable
Modul: np_congruency
Funktion: nominal_congruency_check
Linie: 90
Dateipfad: /Users/christopherchandler/repo/Python/De_NP_Kongru/kongru/api_nlp/congruential_analysis/congruency/np_congruency.py

Zeitpunkt: 2023-08-22 23:13:31,350
Loggername: root
LogLevel: ERROR
Benutzerdefiniert: ___
Nachricht: list index out of range
Modul: np_congruency
Funktion: nominal_congruency_check
Linie: 86
Dateipfad: /Users/christopherchandler/repo/Python/De_NP_Kongru/kongru/api_nlp/congruential_analysis/congruency/np_congruency.py

Zeitpunkt: 2023-08-22 23:16:28,586
Loggername: root
LogLevel: ERROR
Benutzerdefiniert: ___
Nachricht: ''
Modul: np_congruency
Funktion: nominal_congruency_check
Linie: 88
Dateipfad: /Users/christopherchandler/repo/Python/De_NP_Kongru/kongru/api_nlp/congruential_analysis/congruency/np_congruency.py

Zeitpunkt: 2023-08-22 23:16:55,013
Loggername: root
LogLevel: ERROR
Benutzerdefiniert: ___
Nachricht: ''
Modul: np_congruency
Funktion: nominal_congruency_check
Linie: 88
Dateipfad: /Users/christopherchandler/repo/Python/De_NP_Kongru/kongru/api_nlp/congruential_analysis/congruency/np_congruency.py

Zeitpunkt: 2023-08-22 23:17:04,590
Loggername: root
LogLevel: ERROR
Benutzerdefiniert: ___
Nachricht: ''
Modul: np_congruency
Funktion: nominal_congruency_check
Linie: 88
Dateipfad: /Users/christopherchandler/repo/Python/De_NP_Kongru/kongru/api_nlp/congruential_analysis/congruency/np_congruency.py

Zeitpunkt: 2023-08-22 23:23:52,350
Loggername: root
LogLevel: ERROR
Benutzerdefiniert: ___
Nachricht: too many values to unpack (expected 5)
Modul: np_congruency
Funktion: nominal_congruency_check
Linie: 94
Dateipfad: /Users/christopherchandler/repo/Python/De_NP_Kongru/kongru/api_nlp/congruential_analysis/congruency/np_congruency.py

Zeitpunkt: 2023-08-22 23:24:03,007
Loggername: root
LogLevel: ERROR
Benutzerdefiniert: ___
Nachricht: not enough values to unpack (expected 5, got 4)
Modul: np_congruency
Funktion: nominal_congruency_check
Linie: 94
Dateipfad: /Users/christopherchandler/repo/Python/De_NP_Kongru/kongru/api_nlp/congruential_analysis/congruency/np_congruency.py

Zeitpunkt: 2023-08-22 23:24:58,664
Loggername: root
LogLevel: ERROR
Benutzerdefiniert: ___
Nachricht: list index out of range
Modul: np_congruency
Funktion: nominal_congruency_check
Linie: 96
Dateipfad: /Users/christopherchandler/repo/Python/De_NP_Kongru/kongru/api_nlp/congruential_analysis/congruency/np_congruency.py

Zeitpunkt: 2023-08-22 23:25:05,658
Loggername: root
LogLevel: ERROR
Benutzerdefiniert: ___
Nachricht: list index out of range
Modul: np_congruency
Funktion: nominal_congruency_check
Linie: 97
Dateipfad: /Users/christopherchandler/repo/Python/De_NP_Kongru/kongru/api_nlp/congruential_analysis/congruency/np_congruency.py

Zeitpunkt: 2023-08-22 23:25:42,043
Loggername: root
LogLevel: ERROR
Benutzerdefiniert: ___
Nachricht: list index out of range
Modul: np_congruency
Funktion: nominal_congruency_check
Linie: 98
Dateipfad: /Users/christopherchandler/repo/Python/De_NP_Kongru/kongru/api_nlp/congruential_analysis/congruency/np_congruency.py

