Zeitpunkt: 2023-08-24 18:26:50,365
Loggername: root
LogLevel: ERROR
Benutzerdefiniert: Row konnte nicht gespeichert werden
Nachricht: division by zero
Modul: basic_logger
Funktion: set_up_logger
Linie: 51
Dateipfad: /Users/christopherchandler/repo/Python/De_NP_Kongru/kongru/api_general/universal/funcs/basic_logger.py

Zeitpunkt: 2023-08-24 18:26:50,365
Loggername: root
LogLevel: ERROR
Benutzerdefiniert: Row konnte nicht gespeichert werden
Nachricht: division by zero
Modul: basic_logger
Funktion: set_up_logger
Linie: 51
Dateipfad: /Users/christopherchandler/repo/Python/De_NP_Kongru/kongru/api_general/universal/funcs/basic_logger.py

Zeitpunkt: 2023-08-24 18:26:50,365
Loggername: root
LogLevel: ERROR
Benutzerdefiniert: Row konnte nicht gespeichert werden
Nachricht: division by zero
Modul: basic_logger
Funktion: set_up_logger
Linie: 51
Dateipfad: /Users/christopherchandler/repo/Python/De_NP_Kongru/kongru/api_general/universal/funcs/basic_logger.py

Zeitpunkt: 2023-08-24 18:26:50,365
Loggername: root
LogLevel: ERROR
Benutzerdefiniert: Row konnte nicht gespeichert werden
Nachricht: division by zero
Modul: basic_logger
Funktion: set_up_logger
Linie: 51
Dateipfad: /Users/christopherchandler/repo/Python/De_NP_Kongru/kongru/api_general/universal/funcs/basic_logger.py

