 Zeitpunkt: 2023-08-15 21:03:17,957
Benutzerdefiniert: Die Text-ID, die eingegeben wurde, ist nicht gültig.
Loggername: root
LogLevel: ERROR
Nachricht: 'NoneType' object is not iterable
Modul: merlin_parser
Funktion: extract_entry_by_id
Linie: 268
Dateipfad: /Users/christopherchandler/repo/Python/computerlinguistik/NP - Computerlinguistik/DE_np_Kongru/kongru/api_general/data_parsers/merlin_parser.py
Prozess: 8308
Thread: 8182965504


Zeitpunkt: 2023-08-15 21:03:40,471
Loggername: root
LogLevel: ERROR
Benutzerdefiniert: Die Text-ID, die eingegeben wurde, ist nicht gültig.
Nachricht: 'NoneType' object is not iterable
Modul: merlin_parser
Funktion: extract_entry_by_id
Linie: 268
Dateipfad: /Users/christopherchandler/repo/Python/computerlinguistik/NP - Computerlinguistik/DE_np_Kongru/kongru/api_general/data_parsers/merlin_parser.py
Prozess: 8316
Thread: 8182965504


Zeitpunkt: 2023-08-15 21:20:20,147
Loggername: root
LogLevel: ERROR
Benutzerdefiniert: Die Text-ID, die eingegeben wurde, ist nicht gültig.
Nachricht: 'NoneType' object is not iterable
Modul: merlin_parser
Funktion: extract_entry_by_id
Linie: 271
Dateipfad: /Users/christopherchandler/repo/Python/computerlinguistik/NP - Computerlinguistik/DE_np_Kongru/kongru/api_general/data_parsers/merlin_parser.py

Zeitpunkt: 2023-08-15 21:30:55,130
Loggername: root
LogLevel: ERROR
Benutzerdefiniert: Die Text-ID, die eingegeben wurde, ist nicht gültig.
Nachricht: 'NoneType' object is not iterable
Modul: merlin_parser
Funktion: extract_entry_by_id
Linie: 271
Dateipfad: /Users/christopherchandler/repo/Python/computerlinguistik/NP - Computerlinguistik/DE_np_Kongru/kongru/api_general/data_parsers/merlin_parser.py

Zeitpunkt: 2023-08-15 21:31:28,640
Loggername: root
LogLevel: ERROR
Benutzerdefiniert: Die Text-ID, die eingegeben wurde, ist nicht gültig.
Nachricht: 'NoneType' object is not iterable
Modul: merlin_parser
Funktion: extract_entry_by_id
Linie: 271
Dateipfad: /Users/christopherchandler/repo/Python/computerlinguistik/NP - Computerlinguistik/DE_np_Kongru/kongru/api_general/data_parsers/merlin_parser.py

