Zeitpunkt: 2023-08-30 21:08:35,146
Loggername: root
LogLevel: INFO
Nachricht: log info
Modul: basic_logger
Funktion: catch_and_log_info
Linie: 101
Dateipfad: /Users/christopherchandler/repo/Python/computerlinguistik/de_np_kongru/kongru/api_general/universal/funcs/basic_logger.py

Zeitpunkt: 2023-08-30 21:08:52,638
Loggername: root
LogLevel: INFO
Nachricht: log info
Modul: basic_logger
Funktion: catch_and_log_info
Linie: 101
Dateipfad: /Users/christopherchandler/repo/Python/computerlinguistik/de_np_kongru/kongru/api_general/universal/funcs/basic_logger.py

Zeitpunkt: 2023-08-30 21:09:08,336
Loggername: root
LogLevel: INFO
Nachricht: log info
Modul: basic_logger
Funktion: catch_and_log_info
Linie: 101
Dateipfad: /Users/christopherchandler/repo/Python/computerlinguistik/de_np_kongru/kongru/api_general/universal/funcs/basic_logger.py

Zeitpunkt: 2023-08-30 21:09:22,783
Loggername: root
LogLevel: INFO
Nachricht: log info
Modul: basic_logger
Funktion: catch_and_log_info
Linie: 101
Dateipfad: /Users/christopherchandler/repo/Python/computerlinguistik/de_np_kongru/kongru/api_general/universal/funcs/basic_logger.py

Zeitpunkt: 2023-08-30 21:09:30,787
Loggername: root
LogLevel: INFO
Nachricht: log info
Modul: basic_logger
Funktion: catch_and_log_info
Linie: 101
Dateipfad: /Users/christopherchandler/repo/Python/computerlinguistik/de_np_kongru/kongru/api_general/universal/funcs/basic_logger.py

Zeitpunkt: 2023-08-30 21:10:14,126
Loggername: root
LogLevel: INFO
Nachricht: Die Eingabe war falsch
Modul: basic_logger
Funktion: catch_and_log_info
Linie: 102
Dateipfad: /Users/christopherchandler/repo/Python/computerlinguistik/de_np_kongru/kongru/api_general/universal/funcs/basic_logger.py

Zeitpunkt: 2023-08-30 21:25:28,591
Loggername: root
LogLevel: ERROR
Benutzerdefiniert: Ein Problem ist innerhalb der Hauptanwendung aufgetreten. Bitte die Protokolldatei für weitere Informationen überprüfen. 
Traceback: Traceback (most recent call last):
  File "/Users/christopherchandler/repo/Python/computerlinguistik/de_np_kongru/main.py", line 79, in <module>
    main_typer_app()
  File "/Library/Frameworks/Python.framework/Versions/3.10/lib/python3.10/site-packages/typer/main.py", line 214, in __call__
    return get_command(self)(*args, **kwargs)
  File "/Library/Frameworks/Python.framework/Versions/3.10/lib/python3.10/site-packages/click/core.py", line 1130, in __call__
    return self.main(*args, **kwargs)
  File "/Library/Frameworks/Python.framework/Versions/3.10/lib/python3.10/site-packages/click/core.py", line 1055, in main
    rv = self.invoke(ctx)
  File "/Library/Frameworks/Python.framework/Versions/3.10/lib/python3.10/site-packages/click/core.py", line 1657, in invoke
    return _process_result(sub_ctx.command.invoke(sub_ctx))
  File "/Library/Frameworks/Python.framework/Versions/3.10/lib/python3.10/site-packages/click/core.py", line 1657, in invoke
    return _process_result(sub_ctx.command.invoke(sub_ctx))
  File "/Library/Frameworks/Python.framework/Versions/3.10/lib/python3.10/site-packages/click/core.py", line 1404, in invoke
    return ctx.invoke(self.callback, **ctx.params)
  File "/Library/Frameworks/Python.framework/Versions/3.10/lib/python3.10/site-packages/click/core.py", line 760, in invoke
    return __callback(*args, **kwargs)
  File "/Library/Frameworks/Python.framework/Versions/3.10/lib/python3.10/site-packages/typer/main.py", line 532, in wrapper
    return callback(**use_params)  # type: ignore
  File "/Users/christopherchandler/repo/Python/computerlinguistik/de_np_kongru/kongru/api_general/database_managers/app_data_managers.py", line 162, in extract_nps_from_file
    np_file_handler.save_extracted_ast_nps()
  File "/Users/christopherchandler/repo/Python/computerlinguistik/de_np_kongru/kongru/api_general/database_managers/extractors/ast_nominal_phrase_extractor.py", line 108, in save_extracted_ast_nps
    nps_dict = self.get_ast_data_overview()
  File "/Users/christopherchandler/repo/Python/computerlinguistik/de_np_kongru/kongru/api_general/database_managers/extractors/ast_nominal_phrase_extractor.py", line 55, in get_ast_data_overview
    new_data = self.get_ast_data()
  File "/Users/christopherchandler/repo/Python/computerlinguistik/de_np_kongru/kongru/api_general/database_managers/extractors/ast_nominal_phrase_extractor.py", line 37, in get_ast_data
    file = open(
FileNotFoundError: [Errno 2] No such file or directory: 'GeneralPaths.AST_DIR1023_0001416.ast'

Nachricht: [Errno 2] No such file or directory: 'GeneralPaths.AST_DIR1023_0001416.ast'
Modul: basic_logger
Funktion: catch_and_log_error
Linie: 86
Dateipfad: /Users/christopherchandler/repo/Python/computerlinguistik/de_np_kongru/kongru/api_general/universal/funcs/basic_logger.py

Zeitpunkt: 2023-08-30 21:52:52,888
Loggername: root
LogLevel: INFO
Nachricht: Die Eingabe war falsch.
Modul: basic_logger
Funktion: catch_and_log_info
Linie: 102
Dateipfad: /Users/christopherchandler/repo/Python/computerlinguistik/de_np_kongru/kongru/api_general/universal/funcs/basic_logger.py

