Zeitpunkt: 2023-09-14 06:48:16,653
Loggername: root
LogLevel: ERROR
Benutzerdefiniert: NP konnte als ART nicht verarbeitet werden.
Traceback: Traceback (most recent call last):
  File "/Users/christopherchandler/repo/Python/computerlinguistik/de_np_kongru/kongru/api_nlp/congruential_analysis/congruency/nominal_phrase_congruency.py", line 562, in nominal_congruency_check
    congruency_result = self.art_def_nominal_phrase(
TypeError: NominalPhraseCongruency.art_def_nominal_phrase() missing 1 required positional argument: 'vocabulary_np_data'

Nachricht: NominalPhraseCongruency.art_def_nominal_phrase() missing 1 required positional argument: 'vocabulary_np_data'
Modul: basic_logger
Funktion: catch_and_log_error
Linie: 100
Dateipfad: /Users/christopherchandler/repo/Python/computerlinguistik/de_np_kongru/kongru/api_general/universal/funcs/basic_logger.py

Zeitpunkt: 2023-09-14 06:48:16,654
Loggername: root
LogLevel: ERROR
Benutzerdefiniert: NP konnte als ART nicht verarbeitet werden.
Traceback: Traceback (most recent call last):
  File "/Users/christopherchandler/repo/Python/computerlinguistik/de_np_kongru/kongru/api_nlp/congruential_analysis/congruency/nominal_phrase_congruency.py", line 562, in nominal_congruency_check
    congruency_result = self.art_def_nominal_phrase(
TypeError: NominalPhraseCongruency.art_def_nominal_phrase() missing 1 required positional argument: 'vocabulary_np_data'

Nachricht: NominalPhraseCongruency.art_def_nominal_phrase() missing 1 required positional argument: 'vocabulary_np_data'
Modul: basic_logger
Funktion: catch_and_log_error
Linie: 100
Dateipfad: /Users/christopherchandler/repo/Python/computerlinguistik/de_np_kongru/kongru/api_general/universal/funcs/basic_logger.py

Zeitpunkt: 2023-09-14 06:48:18,064
Loggername: root
LogLevel: ERROR
Benutzerdefiniert: NP konnte als ART nicht verarbeitet werden.
Traceback: Traceback (most recent call last):
  File "/Users/christopherchandler/repo/Python/computerlinguistik/de_np_kongru/kongru/api_nlp/congruential_analysis/congruency/nominal_phrase_congruency.py", line 562, in nominal_congruency_check
    congruency_result = self.art_def_nominal_phrase(
TypeError: NominalPhraseCongruency.art_def_nominal_phrase() missing 1 required positional argument: 'vocabulary_np_data'

Nachricht: NominalPhraseCongruency.art_def_nominal_phrase() missing 1 required positional argument: 'vocabulary_np_data'
Modul: basic_logger
Funktion: catch_and_log_error
Linie: 100
Dateipfad: /Users/christopherchandler/repo/Python/computerlinguistik/de_np_kongru/kongru/api_general/universal/funcs/basic_logger.py

Zeitpunkt: 2023-09-14 06:48:18,786
Loggername: root
LogLevel: ERROR
Benutzerdefiniert: NP konnte als ART nicht verarbeitet werden.
Traceback: Traceback (most recent call last):
  File "/Users/christopherchandler/repo/Python/computerlinguistik/de_np_kongru/kongru/api_nlp/congruential_analysis/congruency/nominal_phrase_congruency.py", line 562, in nominal_congruency_check
    congruency_result = self.art_def_nominal_phrase(
TypeError: NominalPhraseCongruency.art_def_nominal_phrase() missing 1 required positional argument: 'vocabulary_np_data'

Nachricht: NominalPhraseCongruency.art_def_nominal_phrase() missing 1 required positional argument: 'vocabulary_np_data'
Modul: basic_logger
Funktion: catch_and_log_error
Linie: 100
Dateipfad: /Users/christopherchandler/repo/Python/computerlinguistik/de_np_kongru/kongru/api_general/universal/funcs/basic_logger.py

Zeitpunkt: 2023-09-14 06:48:18,960
Loggername: root
LogLevel: ERROR
Benutzerdefiniert: NP konnte als ART nicht verarbeitet werden.
Traceback: Traceback (most recent call last):
  File "/Users/christopherchandler/repo/Python/computerlinguistik/de_np_kongru/kongru/api_nlp/congruential_analysis/congruency/nominal_phrase_congruency.py", line 562, in nominal_congruency_check
    congruency_result = self.art_def_nominal_phrase(
TypeError: NominalPhraseCongruency.art_def_nominal_phrase() missing 1 required positional argument: 'vocabulary_np_data'

Nachricht: NominalPhraseCongruency.art_def_nominal_phrase() missing 1 required positional argument: 'vocabulary_np_data'
Modul: basic_logger
Funktion: catch_and_log_error
Linie: 100
Dateipfad: /Users/christopherchandler/repo/Python/computerlinguistik/de_np_kongru/kongru/api_general/universal/funcs/basic_logger.py

Zeitpunkt: 2023-09-14 06:48:18,961
Loggername: root
LogLevel: ERROR
Benutzerdefiniert: NP konnte als ART nicht verarbeitet werden.
Traceback: Traceback (most recent call last):
  File "/Users/christopherchandler/repo/Python/computerlinguistik/de_np_kongru/kongru/api_nlp/congruential_analysis/congruency/nominal_phrase_congruency.py", line 562, in nominal_congruency_check
    congruency_result = self.art_def_nominal_phrase(
TypeError: NominalPhraseCongruency.art_def_nominal_phrase() missing 1 required positional argument: 'vocabulary_np_data'

Nachricht: NominalPhraseCongruency.art_def_nominal_phrase() missing 1 required positional argument: 'vocabulary_np_data'
Modul: basic_logger
Funktion: catch_and_log_error
Linie: 100
Dateipfad: /Users/christopherchandler/repo/Python/computerlinguistik/de_np_kongru/kongru/api_general/universal/funcs/basic_logger.py

Zeitpunkt: 2023-09-14 06:48:19,139
Loggername: root
LogLevel: ERROR
Benutzerdefiniert: NP konnte als ART nicht verarbeitet werden.
Traceback: Traceback (most recent call last):
  File "/Users/christopherchandler/repo/Python/computerlinguistik/de_np_kongru/kongru/api_nlp/congruential_analysis/congruency/nominal_phrase_congruency.py", line 562, in nominal_congruency_check
    congruency_result = self.art_def_nominal_phrase(
TypeError: NominalPhraseCongruency.art_def_nominal_phrase() missing 1 required positional argument: 'vocabulary_np_data'

Nachricht: NominalPhraseCongruency.art_def_nominal_phrase() missing 1 required positional argument: 'vocabulary_np_data'
Modul: basic_logger
Funktion: catch_and_log_error
Linie: 100
Dateipfad: /Users/christopherchandler/repo/Python/computerlinguistik/de_np_kongru/kongru/api_general/universal/funcs/basic_logger.py

